[    0.000000] Initializing cgroup subsys cpuset
[    0.000000] Initializing cgroup subsys cpu
[    0.000000] Initializing cgroup subsys cpuacct
[    0.000000] Linux version 4.4.0-119-generic (buildd@lcy01-amd64-013) (gcc version 5.4.0 20160609 (Ubuntu 5.4.0-6ubuntu1~16.04.9) ) #143-Ubuntu SMP Mon Apr 2 16:08:24 UTC 2018 (Ubuntu 4.4.0-119.143-generic 4.4.114)
[    0.000000] Command line: BOOT_IMAGE=/boot/vmlinuz-4.4.0-119-generic root=LABEL=cloudimg-rootfs ro console=tty1 console=ttyS0
[    0.000000] KERNEL supported cpus:
[    0.000000]   Intel GenuineIntel
[    0.000000]   AMD AuthenticAMD
[    0.000000]   Centaur CentaurHauls
[    0.000000] x86/fpu: xstate_offset[2]:  576, xstate_sizes[2]:  256
[    0.000000] x86/fpu: Supporting XSAVE feature 0x01: 'x87 floating point registers'
[    0.000000] x86/fpu: Supporting XSAVE feature 0x02: 'SSE registers'
[    0.000000] x86/fpu: Supporting XSAVE feature 0x04: 'AVX registers'
[    0.000000] x86/fpu: Enabled xstate features 0x7, context size is 832 bytes, using 'standard' format.
[    0.000000] x86/fpu: Using 'lazy' FPU context switches.
[    0.000000] e820: BIOS-provided physical RAM map:
[    0.000000] BIOS-e820: [mem 0x0000000000000000-0x000000000009fbff] usable
[    0.000000] BIOS-e820: [mem 0x000000000009fc00-0x000000000009ffff] reserved
[    0.000000] BIOS-e820: [mem 0x00000000000f0000-0x00000000000fffff] reserved
[    0.000000] BIOS-e820: [mem 0x0000000000100000-0x000000003ffeffff] usable
[    0.000000] BIOS-e820: [mem 0x000000003fff0000-0x000000003fffffff] ACPI data
[    0.000000] BIOS-e820: [mem 0x00000000fec00000-0x00000000fec00fff] reserved
[    0.000000] BIOS-e820: [mem 0x00000000fee00000-0x00000000fee00fff] reserved
[    0.000000] BIOS-e820: [mem 0x00000000fffc0000-0x00000000ffffffff] reserved
[    0.000000] NX (Execute Disable) protection: active
[    0.000000] SMBIOS 2.5 present.
[    0.000000] Hypervisor detected: KVM
[    0.000000] e820: last_pfn = 0x3fff0 max_arch_pfn = 0x400000000
[    0.000000] MTRR: Disabled
[    0.000000] x86/PAT: MTRRs disabled, skipping PAT initialization too.
[    0.000000] CPU MTRRs all blank - virtualized system.
[    0.000000] x86/PAT: Configuration [0-7]: WB  WT  UC- UC  WB  WT  UC- UC  
[    0.000000] found SMP MP-table at [mem 0x0009fff0-0x0009ffff] mapped at [ffff88000009fff0]
[    0.000000] Scanning 1 areas for low memory corruption
[    0.000000] RAMDISK: [mem 0x36aa4000-0x37549fff]
[    0.000000] ACPI: Early table checksum verification disabled
[    0.000000] ACPI: RSDP 0x00000000000E0000 000024 (v02 VBOX  )
[    0.000000] ACPI: XSDT 0x000000003FFF0030 00003C (v01 VBOX   VBOXXSDT 00000001 ASL  00000061)
[    0.000000] ACPI: FACP 0x000000003FFF00F0 0000F4 (v04 VBOX   VBOXFACP 00000001 ASL  00000061)
[    0.000000] ACPI: DSDT 0x000000003FFF0470 0021FF (v02 VBOX   VBOXBIOS 00000002 INTL 20160108)
[    0.000000] ACPI: FACS 0x000000003FFF0200 000040
[    0.000000] ACPI: FACS 0x000000003FFF0200 000040
[    0.000000] ACPI: APIC 0x000000003FFF0240 00005C (v02 VBOX   VBOXAPIC 00000001 ASL  00000061)
[    0.000000] ACPI: SSDT 0x000000003FFF02A0 0001CC (v01 VBOX   VBOXCPUT 00000002 INTL 20160108)
[    0.000000] No NUMA configuration found
[    0.000000] Faking a node at [mem 0x0000000000000000-0x000000003ffeffff]
[    0.000000] NODE_DATA(0) allocated [mem 0x3ffeb000-0x3ffeffff]
[    0.000000] kvm-clock: Using msrs 4b564d01 and 4b564d00
[    0.000000] kvm-clock: cpu 0, msr 0:3ffe3001, primary cpu clock
[    0.000000] kvm-clock: using sched offset of 3993327654 cycles
[    0.000000] clocksource: kvm-clock: mask: 0xffffffffffffffff max_cycles: 0x1cd42e4dffb, max_idle_ns: 881590591483 ns
[    0.000000] Zone ranges:
[    0.000000]   DMA      [mem 0x0000000000001000-0x0000000000ffffff]
[    0.000000]   DMA32    [mem 0x0000000001000000-0x000000003ffeffff]
[    0.000000]   Normal   empty
[    0.000000]   Device   empty
[    0.000000] Movable zone start for each node
[    0.000000] Early memory node ranges
[    0.000000]   node   0: [mem 0x0000000000001000-0x000000000009efff]
[    0.000000]   node   0: [mem 0x0000000000100000-0x000000003ffeffff]
[    0.000000] Initmem setup node 0 [mem 0x0000000000001000-0x000000003ffeffff]
[    0.000000] ACPI: PM-Timer IO Port: 0x4008
[    0.000000] IOAPIC[0]: apic_id 2, version 32, address 0xfec00000, GSI 0-23
[    0.000000] ACPI: INT_SRC_OVR (bus 0 bus_irq 0 global_irq 2 dfl dfl)
[    0.000000] ACPI: INT_SRC_OVR (bus 0 bus_irq 9 global_irq 9 high level)
[    0.000000] Using ACPI (MADT) for SMP configuration information
[    0.000000] smpboot: Allowing 2 CPUs, 0 hotplug CPUs
[    0.000000] PM: Registered nosave memory: [mem 0x00000000-0x00000fff]
[    0.000000] PM: Registered nosave memory: [mem 0x0009f000-0x0009ffff]
[    0.000000] PM: Registered nosave memory: [mem 0x000a0000-0x000effff]
[    0.000000] PM: Registered nosave memory: [mem 0x000f0000-0x000fffff]
[    0.000000] e820: [mem 0x40000000-0xfebfffff] available for PCI devices
[    0.000000] Booting paravirtualized kernel on KVM
[    0.000000] clocksource: refined-jiffies: mask: 0xffffffff max_cycles: 0xffffffff, max_idle_ns: 7645519600211568 ns
[    0.000000] setup_percpu: NR_CPUS:512 nr_cpumask_bits:512 nr_cpu_ids:2 nr_node_ids:1
[    0.000000] PERCPU: Embedded 34 pages/cpu @ffff88003fc00000 s99544 r8192 d31528 u1048576
[    0.000000] PV qspinlock hash table entries: 256 (order: 0, 4096 bytes)
[    0.000000] Built 1 zonelists in Node order, mobility grouping on.  Total pages: 257912
[    0.000000] Policy zone: DMA32
[    0.000000] Kernel command line: BOOT_IMAGE=/boot/vmlinuz-4.4.0-119-generic root=LABEL=cloudimg-rootfs ro console=tty1 console=ttyS0
[    0.000000] PID hash table entries: 4096 (order: 3, 32768 bytes)
[    0.000000] Memory: 1001620K/1048120K available (8532K kernel code, 1313K rwdata, 3996K rodata, 1508K init, 1316K bss, 46500K reserved, 0K cma-reserved)
[    0.000000] SLUB: HWalign=64, Order=0-3, MinObjects=0, CPUs=2, Nodes=1
[    0.000000] Kernel/User page tables isolation: enabled
[    0.000000] Hierarchical RCU implementation.
[    0.000000] 	Build-time adjustment of leaf fanout to 64.
[    0.000000] 	RCU restricting CPUs from NR_CPUS=512 to nr_cpu_ids=2.
[    0.000000] RCU: Adjusting geometry for rcu_fanout_leaf=64, nr_cpu_ids=2
[    0.000000] NR_IRQS:33024 nr_irqs:440 16
[    0.000000] Console: colour VGA+ 80x25
[    0.000000] console [tty1] enabled
[    0.000000] console [ttyS0] enabled
[    0.000000] tsc: Detected 2494.332 MHz processor
[    0.383246] Calibrating delay loop (skipped) preset value.. 4988.66 BogoMIPS (lpj=9977328)
[    0.426577] pid_max: default: 32768 minimum: 301
[    0.427542] ACPI: Core revision 20150930
[    0.429509] ACPI: 2 ACPI AML tables successfully acquired and loaded
[    0.431945] Security Framework initialized
[    0.432832] Yama: becoming mindful.
[    0.433631] AppArmor: AppArmor initialized
[    0.434611] Dentry cache hash table entries: 131072 (order: 8, 1048576 bytes)
[    0.436629] Inode-cache hash table entries: 65536 (order: 7, 524288 bytes)
[    0.444408] Mount-cache hash table entries: 2048 (order: 2, 16384 bytes)
[    0.448355] Mountpoint-cache hash table entries: 2048 (order: 2, 16384 bytes)
[    0.449824] Initializing cgroup subsys io
[    0.450734] Initializing cgroup subsys memory
[    0.451671] Initializing cgroup subsys devices
[    0.460557] Initializing cgroup subsys freezer
[    0.476718] Initializing cgroup subsys net_cls
[    0.487961] Initializing cgroup subsys perf_event
[    0.492110] Initializing cgroup subsys net_prio
[    0.493048] Initializing cgroup subsys hugetlb
[    0.493972] Initializing cgroup subsys pids
[    0.495002] CPU: Physical Processor ID: 0
[    0.497052] CPU: Processor Core ID: 0
[    0.497887] FEATURE SPEC_CTRL Not Present
[    0.498773] mce: CPU supports 0 MCE banks
[    0.499667] Last level iTLB entries: 4KB 512, 2MB 8, 4MB 8
[    0.500745] Last level dTLB entries: 4KB 512, 2MB 32, 4MB 32, 1GB 0
[    0.501921] Spectre V2 mitigation: Mitigation: Full generic retpoline
[    0.503164] Spectre V2 mitigation: Speculation control IBPB not-supported IBRS not-supported
[    0.510241] Freeing SMP alternatives memory: 32K
[    0.522674] ftrace: allocating 32195 entries in 126 pages
[    0.593271] smpboot: APIC(0) Converting physical 0 to logical package 0
[    0.600317] smpboot: Max logical packages: 1
[    0.601822] x2apic enabled
[    0.610735] Switched APIC routing to physical x2apic.
[    0.641909] ..TIMER: vector=0x30 apic1=0 pin1=2 apic2=-1 pin2=-1
[    0.769895] smpboot: CPU0: Intel(R) Core(TM) i5-2450M CPU @ 2.50GHz (family: 0x6, model: 0x2a, stepping: 0x7)
[    0.813744] Performance Events: unsupported p6 CPU model 42 no PMU driver, software events only.
[    0.862340] KVM setup paravirtual spinlock
[    0.864277] x86: Booting SMP configuration:
[    0.866508] .... node  #0, CPUs:      #1
[    0.867774] kvm-clock: cpu 1, msr 0:3ffe3041, secondary cpu clock
[    0.879553] mce: CPU supports 0 MCE banks
[    0.882108] x86: Booted up 1 node, 2 CPUs
[    0.883591] smpboot: Total of 2 processors activated (9977.32 BogoMIPS)
[    0.885687] devtmpfs: initialized
[    0.888574] evm: security.selinux
[    0.889547] evm: security.SMACK64
[    0.890523] evm: security.SMACK64EXEC
[    0.891587] evm: security.SMACK64TRANSMUTE
[    0.892720] evm: security.SMACK64MMAP
[    0.893766] evm: security.ima
[    0.894694] evm: security.capability
[    0.895967] clocksource: jiffies: mask: 0xffffffff max_cycles: 0xffffffff, max_idle_ns: 7645041785100000 ns
[    0.919566] futex hash table entries: 512 (order: 3, 32768 bytes)
[    0.921303] pinctrl core: initialized pinctrl subsystem
[    0.923921] RTC time: 14:09:44, date: 05/05/18
[    0.925319] NET: Registered protocol family 16
[    0.938142] cpuidle: using governor ladder
[    0.954376] cpuidle: using governor menu
[    0.957596] PCCT header not found.
[    0.959711] ACPI: bus type PCI registered
[    0.964407] acpiphp: ACPI Hot Plug PCI Controller Driver version: 0.5
[    0.971766] PCI: Using configuration type 1 for base access
[    0.988099] ACPI: Added _OSI(Module Device)
[    1.067179] ACPI: Added _OSI(Processor Device)
[    1.089402] ACPI: Added _OSI(3.0 _SCP Extensions)
[    1.095690] ACPI: Added _OSI(Processor Aggregator Device)
[    1.111602] ACPI: Executed 1 blocks of module-level executable AML code
[    1.141430] ACPI: Interpreter enabled
[    1.147436] ACPI: (supports S0 S5)
[    1.148420] ACPI: Using IOAPIC for interrupt routing
[    1.149935] PCI: Using host bridge windows from ACPI; if necessary, use "pci=nocrs" and report a bug
[    1.156288] ACPI: PCI Root Bridge [PCI0] (domain 0000 [bus 00-ff])
[    1.160333] acpi PNP0A03:00: _OSC: OS supports [ASPM ClockPM Segments MSI]
[    1.162059] acpi PNP0A03:00: _OSC: not requesting OS control; OS requires [ExtendedConfig ASPM ClockPM MSI]
[    1.164571] acpi PNP0A03:00: fail to add MMCONFIG information, can't access extended PCI configuration space under this bridge.
[    1.167762] PCI host bridge to bus 0000:00
[    1.170907] pci_bus 0000:00: root bus resource [io  0x0000-0x0cf7 window]
[    1.172604] pci_bus 0000:00: root bus resource [io  0x0d00-0xffff window]
[    1.174327] pci_bus 0000:00: root bus resource [mem 0x000a0000-0x000bffff window]
[    1.181715] pci_bus 0000:00: root bus resource [mem 0x40000000-0xffdfffff window]
[    1.183862] pci_bus 0000:00: root bus resource [bus 00-ff]
[    1.188317] pci 0000:00:01.1: legacy IDE quirk: reg 0x10: [io  0x01f0-0x01f7]
[    1.195447] pci 0000:00:01.1: legacy IDE quirk: reg 0x14: [io  0x03f6]
[    1.197100] pci 0000:00:01.1: legacy IDE quirk: reg 0x18: [io  0x0170-0x0177]
[    1.209344] pci 0000:00:01.1: legacy IDE quirk: reg 0x1c: [io  0x0376]
[    1.260010] pci 0000:00:07.0: quirk: [io  0x4000-0x403f] claimed by PIIX4 ACPI
[    1.274231] pci 0000:00:07.0: quirk: [io  0x4100-0x410f] claimed by PIIX4 SMB
[    1.293966] ACPI: PCI Interrupt Link [LNKA] (IRQs 5 9 10 *11)
[    1.308314] ACPI: PCI Interrupt Link [LNKB] (IRQs 5 9 10 *11)
[    1.322770] ACPI: PCI Interrupt Link [LNKC] (IRQs 5 9 *10 11)
[    1.324770] ACPI: PCI Interrupt Link [LNKD] (IRQs 5 *9 10 11)
[    1.326833] ACPI: Enabled 2 GPEs in block 00 to 07
[    1.330148] vgaarb: setting as boot device: PCI:0000:00:02.0
[    1.331674] vgaarb: device added: PCI:0000:00:02.0,decodes=io+mem,owns=io+mem,locks=none
[    1.333862] vgaarb: loaded
[    1.334707] vgaarb: bridge control possible 0000:00:02.0
[    1.336359] SCSI subsystem initialized
[    1.337592] ACPI: bus type USB registered
[    1.338735] usbcore: registered new interface driver usbfs
[    1.340210] usbcore: registered new interface driver hub
[    1.341593] usbcore: registered new device driver usb
[    1.344032] PCI: Using ACPI for IRQ routing
[    1.413340] NetLabel: Initializing
[    1.471861] NetLabel:  domain hash size = 128
[    1.585177] NetLabel:  protocols = UNLABELED CIPSOv4
[    1.611147] NetLabel:  unlabeled traffic allowed by default
[    1.707095] amd_nb: Cannot enumerate AMD northbridges
[    1.725929] clocksource: Switched to clocksource kvm-clock
[    1.752487] AppArmor: AppArmor Filesystem Enabled
[    1.759477] pnp: PnP ACPI init
[    1.761998] pnp: PnP ACPI: found 3 devices
[    1.800336] clocksource: acpi_pm: mask: 0xffffff max_cycles: 0xffffff, max_idle_ns: 2085701024 ns
[    1.829234] NET: Registered protocol family 2
[    1.841333] TCP established hash table entries: 8192 (order: 4, 65536 bytes)
[    1.887430] TCP bind hash table entries: 8192 (order: 5, 131072 bytes)
[    1.901187] TCP: Hash tables configured (established 8192 bind 8192)
[    1.902397] UDP hash table entries: 512 (order: 2, 16384 bytes)
[    1.903535] UDP-Lite hash table entries: 512 (order: 2, 16384 bytes)
[    1.904772] NET: Registered protocol family 1
[    1.905683] pci 0000:00:00.0: Limiting direct PCI/PCI transfers
[    1.906852] pci 0000:00:01.0: Activating ISA DMA hang workarounds
[    1.910585] Unpacking initramfs...
[    4.035785] Freeing initrd memory: 10904K
[    4.091662] RAPL PMU detected, API unit is 2^-32 Joules, 3 fixed counters 10737418240 ms ovfl timer
[    4.241505] hw unit of domain pp0-core 2^-0 Joules
[    4.242504] hw unit of domain package 2^-0 Joules
[    4.243467] hw unit of domain pp1-gpu 2^-0 Joules
[    4.244502] platform rtc_cmos: registered platform RTC device (no PNP device found)
[    4.246181] Scanning for low memory corruption every 60 seconds
[    4.431684] audit: initializing netlink subsys (disabled)
[    4.437051] audit: type=2000 audit(1525529393.076:1): initialized
[    4.438920] Initialise system trusted keyring
[    4.501158] HugeTLB registered 2 MB page size, pre-allocated 0 pages
[    4.682227] zbud: loaded
[    4.697104] VFS: Disk quotas dquot_6.6.0
[    4.698317] VFS: Dquot-cache hash table entries: 512 (order 0, 4096 bytes)
[    4.800975] squashfs: version 4.0 (2009/01/31) Phillip Lougher
[    4.951389] fuse init (API version 7.23)
[    4.957346] Key type big_key registered
[    4.958479] Allocating IMA MOK and blacklist keyrings.
[    4.961748] Key type asymmetric registered
[    4.962936] Asymmetric key parser 'x509' registered
[    4.964307] Block layer SCSI generic (bsg) driver version 0.4 loaded (major 249)
[    4.966462] io scheduler noop registered
[    4.967599] io scheduler deadline registered (default)
[    4.969012] io scheduler cfq registered
[    4.970296] pci_hotplug: PCI Hot Plug PCI Core version: 0.5
[    4.971770] pciehp: PCI Express Hot Plug Controller Driver version: 0.4
[    4.973583] ACPI: AC Adapter [AC] (on-line)
[    4.974862] input: Power Button as /devices/LNXSYSTM:00/LNXPWRBN:00/input/input0
[    4.976968] ACPI: Power Button [PWRF]
[    4.978130] input: Sleep Button as /devices/LNXSYSTM:00/LNXSLPBN:00/input/input1
[    4.980254] ACPI: Sleep Button [SLPF]
[    4.982226] GHES: HEST is not enabled!
[    4.982237] ACPI: Battery Slot [BAT0] (battery present)
[    4.994777] Serial: 8250/16550 driver, 32 ports, IRQ sharing enabled
[    5.025651] 00:02: ttyS0 at I/O 0x3f8 (irq = 4, base_baud = 115200) is a 16550A
[    5.037440] Linux agpgart interface v0.103
[    5.042896] loop: module loaded
[    5.059630] scsi host0: ata_piix
[    5.061496] scsi host1: ata_piix
[    5.072929] ata1: PATA max UDMA/33 cmd 0x1f0 ctl 0x3f6 bmdma 0xd000 irq 14
[    5.095734] ata2: PATA max UDMA/33 cmd 0x170 ctl 0x376 bmdma 0xd008 irq 15
[    5.097424] libphy: Fixed MDIO Bus: probed
[    5.100490] tun: Universal TUN/TAP device driver, 1.6
[    5.102799] tun: (C) 1999-2004 Max Krasnyansky <maxk@qualcomm.com>
[    5.104576] PPP generic driver version 2.4.2
[    5.105862] ehci_hcd: USB 2.0 'Enhanced' Host Controller (EHCI) Driver
[    5.107552] ehci-pci: EHCI PCI platform driver
[    5.108768] ehci-platform: EHCI generic platform driver
[    5.110144] ohci_hcd: USB 1.1 'Open' Host Controller (OHCI) Driver
[    5.113890] ohci-pci: OHCI PCI platform driver
[    5.115141] ohci-platform: OHCI generic platform driver
[    5.116524] uhci_hcd: USB Universal Host Controller Interface driver
[    5.118237] i8042: PNP: PS/2 Controller [PNP0303:PS2K,PNP0f03:PS2M] at 0x60,0x64 irq 1,12
[    5.134390] serio: i8042 KBD port at 0x60,0x64 irq 1
[    5.135737] serio: i8042 AUX port at 0x60,0x64 irq 12
[    5.137420] mousedev: PS/2 mouse device common for all mice
[    5.139481] input: AT Translated Set 2 keyboard as /devices/platform/i8042/serio0/input/input2
[    5.144839] rtc_cmos rtc_cmos: rtc core: registered rtc_cmos as rtc0
[    5.146570] rtc_cmos rtc_cmos: alarms up to one day, 114 bytes nvram
[    5.163705] i2c /dev entries driver
[    5.164786] device-mapper: uevent: version 1.0.3
[    5.166176] device-mapper: ioctl: 4.34.0-ioctl (2015-10-28) initialised: dm-devel@redhat.com
[    5.168477] ledtrig-cpu: registered to indicate activity on CPUs
[    5.170752] NET: Registered protocol family 10
[    5.174841] NET: Registered protocol family 17
[    5.180759] Key type dns_resolver registered
[    5.182579] registered taskstats version 1
[    5.196043] Loading compiled-in X.509 certificates
[    5.197862] Loaded X.509 cert 'Build time autogenerated kernel key: f854e06633b5f496ced5b2e02c7b14f761b69302'
[    5.199926] zswap: loaded using pool lzo/zbud
[    5.241994] tsc: Refined TSC clocksource calibration: 2494.496 MHz
[    5.241996] clocksource: tsc: mask: 0xffffffffffffffff max_cycles: 0x23f4ea3ada2, max_idle_ns: 440795247238 ns
[    5.260929] Key type trusted registered
[    5.291442] Key type encrypted registered
[    5.297787] AppArmor: AppArmor sha1 policy hashing enabled
[    5.340682] ima: No TPM chip found, activating TPM-bypass!
[    5.361161] evm: HMAC attrs: 0x1
[    5.372021]   Magic number: 2:469:181
[    5.390961] rtc_cmos rtc_cmos: setting system clock to 2018-05-05 14:09:49 UTC (1525529389)
[    5.393434] BIOS EDD facility v0.16 2004-Jun-25, 0 devices found
[    5.395019] EDD information not available.
[    5.397860] Freeing unused kernel memory: 1508K
[    5.400222] Write protecting the kernel read-only data: 14336k
[    5.406573] Freeing unused kernel memory: 1696K
[    5.434426] Freeing unused kernel memory: 100K
Loading, please wait...
starting version[    5.460743] random: systemd-udevd: uninitialized urandom read (16 bytes read, 2 bits of entropy available)
 229
[    5.461537] random: udevadm: uninitialized urandom read (16 bytes read, 2 bits of entropy available)
[    5.461571] random: udevadm: uninitialized urandom read (16 bytes read, 2 bits of entropy available)
[    5.478748] random: udevadm: uninitialized urandom read (16 bytes read, 2 bits of entropy available)
[    5.478820] random: udevadm: uninitialized urandom read (16 bytes read, 2 bits of entropy available)
[    5.479153] random: udevadm: uninitialized urandom read (16 bytes read, 2 bits of entropy available)
[    5.479264] random: udevadm: uninitialized urandom read (16 bytes read, 2 bits of entropy available)
[    5.479372] random: udevadm: uninitialized urandom read (16 bytes read, 2 bits of entropy available)
[    5.479481] random: udevadm: uninitialized urandom read (16 bytes read, 2 bits of entropy available)
[    5.479578] random: udevadm: uninitialized urandom read (16 bytes read, 2 bits of entropy available)
[    5.620543] e1000: Intel(R) PRO/1000 Network Driver - version 7.3.21-k8-NAPI
[    5.643238] e1000: Copyright (c) 1999-2006 Intel Corporation.
[    5.668134] Fusion MPT base driver 3.04.20
[    5.679167] Copyright (c) 1999-2008 LSI Corporation
[    5.700225] AVX version of gcm_enc/dec engaged.
[    5.710760] AES CTR mode by8 optimization enabled
[    5.716682] Fusion MPT SPI Host driver 3.04.20
[    5.932745] input: ImExPS/2 Generic Explorer Mouse as /devices/platform/i8042/serio1/input/input4
[    6.094238] e1000 0000:00:03.0 eth0: (PCI:33MHz:32-bit) 02:39:99:10:d1:5e
[    6.106932] e1000 0000:00:03.0 eth0: Intel(R) PRO/1000 Network Connection
[    6.119588] mptbase: ioc0: Initiating bringup
[    6.186215] ioc0: LSI53C1030 A0: Capabilities={Initiator}
[    6.359052] scsi host2: ioc0: LSI53C1030 A0, FwRev=00000000h, Ports=1, MaxQ=256, IRQ=20
[    6.580949] scsi 2:0:0:0: Direct-Access     VBOX     HARDDISK         1.0  PQ: 0 ANSI: 5
[    6.744333] scsi target2:0:0: Beginning Domain Validation
[    6.748537] scsi target2:0:0: Domain Validation skipping write tests
[    6.751184] scsi target2:0:0: Ending Domain Validation
[    6.752218] scsi target2:0:0: asynchronous
[    6.753669] scsi 2:0:1:0: Direct-Access     VBOX     HARDDISK         1.0  PQ: 0 ANSI: 5
[    6.791090] scsi target2:0:1: Beginning Domain Validation
[    6.883214] scsi target2:0:1: Domain Validation skipping write tests
[    6.889509] scsi target2:0:1: Ending Domain Validation
[    6.891517] scsi target2:0:1: asynchronous
[    6.967186] sd 2:0:0:0: Attached scsi generic sg0 type 0
[    6.979169] sd 2:0:0:0: [sda] 20971520 512-byte logical blocks: (10.7 GB/10.0 GiB)
[    6.984168] sd 2:0:0:0: [sda] Write Protect is off
[    6.988671] sd 2:0:0:0: [sda] Incomplete mode parameter data
[    7.001593] sd 2:0:0:0: [sda] Assuming drive cache: write through
[    7.005533] sd 2:0:1:0: Attached scsi generic sg1 type 0
[    7.014395] sd 2:0:1:0: [sdb] 20480 512-byte logical blocks: (10.5 MB/10.0 MiB)
[    7.021986] sd 2:0:1:0: [sdb] Write Protect is off
[    7.027425] sd 2:0:1:0: [sdb] Incomplete mode parameter data
[    7.039280] sd 2:0:1:0: [sdb] Assuming drive cache: write through
[    7.069189]  sda: sda1
[    7.078233] sd 2:0:0:0: [sda] Attached SCSI disk
[    7.098929] sd 2:0:1:0: [sdb] Attached SCSI disk
[    7.237569] e1000 0000:00:08.0 eth1: (PCI:33MHz:32-bit) 08:00:27:b6:12:4f
[    7.252328] e1000 0000:00:08.0 eth1: Intel(R) PRO/1000 Network Connection
[    7.257679] e1000 0000:00:08.0 enp0s8: renamed from eth1
[    7.266415] e1000 0000:00:03.0 enp0s3: renamed from eth0
[    8.714325] floppy0: no floppy controllers found
Begin: Loading essential drivers ... [   10.224824] md: linear personality registered for level -1
[   10.249150] md: multipath personality registered for level -4
[   10.288870] md: raid0 personality registered for level 0
[   10.307291] md: raid1 personality registered for level 1
[   10.397972] raid6: sse2x1   gen()  3403 MB/s
[   10.473975] raid6: sse2x1   xor()  5365 MB/s
[   10.581971] raid6: sse2x2   gen()  8895 MB/s
[   10.653996] raid6: sse2x2   xor()  6022 MB/s
[   10.737967] raid6: sse2x4   gen()  8779 MB/s
[   10.821972] raid6: sse2x4   xor()  7707 MB/s
[   10.831373] raid6: using algorithm sse2x2 gen() 8895 MB/s
[   10.832444] raid6: .... xor() 6022 MB/s, rmw enabled
[   10.833441] raid6: using ssse3x2 recovery algorithm
[   10.849363] xor: automatically using best checksumming function:
[   10.893965]    avx       : 15229.000 MB/sec
[   10.897891] async_tx: api initialized (async)
[   10.915708] md: raid6 personality registered for level 6
[   11.060848] md: raid5 personality registered for level 5
[   11.061902] md: raid4 personality registered for level 4
[   11.074999] md: raid10 personality registered for level 10
done.
Begin: Running /scripts/init-premount ... done.
Begin: Mounting root file system ... Begin: Run[   11.158245] Btrfs loaded
ning /scripts/local-top ... done.
Begin: Running /scripts/local-premount ... Scanning for Btrfs filesystems
done.
Warning: fsck no[   11.231402] EXT4-fs (sda1): INFO: recovery required on readonly filesystem
t present, so skipping root file system
[   11.461019] EXT4-fs (sda1): write access will be enabled during recovery
[   12.053157] EXT4-fs (sda1): orphan cleanup on readonly fs
[   12.056648] EXT4-fs (sda1): 2 orphan inodes deleted
[   12.058242] EXT4-fs (sda1): recovery complete
[   12.060509] EXT4-fs (sda1): mounted filesystem with ordered data mode. Opts: (null)
done.
Begin: Running /scripts/local-bottom ... done.
Begin: Running /scripts/init-bottom ... done.
[   12.828905] random: nonblocking pool is initialized
[   13.053603] systemd[1]: systemd 229 running in system mode. (+PAM +AUDIT +SELINUX +IMA +APPARMOR +SMACK +SYSVINIT +UTMP +LIBCRYPTSETUP +GCRYPT +GNUTLS +ACL +XZ -LZ4 +SECCOMP +BLKID +ELFUTILS +KMOD -IDN)
[   13.443404] systemd[1]: Detected virtualization oracle.
[   13.449616] systemd[1]: Detected architecture x86-64.

Welcome to [1mUbuntu 16.04.4 LTS[0m!

[   13.500957] systemd[1]: Set hostname to <ubuntu-xenial>.
[   15.122767] systemd[1]: Reached target User and Group Name Lookups.
[[0;32m  OK  [0m] Reached target User and Group Name Lookups.
[   15.136371] systemd[1]: Created slice System Slice.
[[0;32m  OK  [0m] Created slice System Slice.
[   15.162476] systemd[1]: Set up automount Arbitrary Executable File Formats File System Automount Point.
[[0;32m  OK  [0m] Set up automount Arbitrary Executab...ats File System Automount Point.
[   15.243203] systemd[1]: Listening on Journal Audit Socket.
[[0;32m  OK  [0m] Listening on Journal Audit Socket.
[   15.306474] systemd[1]: Listening on Journal Socket.
[[0;32m  OK  [0m] Listening on Journal Socket.
[   15.395119] systemd[1]: Starting Create list of required static device nodes for the current kernel...
         Starting Create list of required st... nodes for the current kernel...
[   15.516846] systemd[1]: Starting Load Kernel Modules...
         Starting Load Kernel Modules...
[   15.574468] systemd[1]: Mounting Huge Pages File System...
         Mounting Huge Pages File System...
[   15.593817] Loading iSCSI transport class v2.0-870.
[   15.608762] systemd[1]: Starting Nameserver information manager...
         Starting Nameserver information manager...
[   15.637641] systemd[1]: Listening on LVM2 poll daemon socket.
[[0;32m  OK  [0m] Listening on LVM2 poll daemon socket.
[   15.652893] systemd[1]: Listening on LVM2 metadata daemon socket.
[[0;32m  OK  [0m] Listening on LVM2 metadata daemon socket.
[   15.658283] iscsi: registered transport (tcp)
[   15.660120] systemd[1]: Starting Remount Root and Kernel File Systems...
         Starting Remount Root and Kernel File Systems...
[   15.674908] systemd[1]: Starting Uncomplicated firewall...
         Starting Uncomplicated firewall...
[   15.683994] systemd[1]: Listening on Journal Socket (/dev/log).
[[0;32m  OK  [0m] Listening on Journal Socket (/dev/log).
[   15.694031] systemd[1]: Listening on Syslog Socket.
[[0;32m  OK  [0m] Listening on Syslog Socket.
[   15.744041] systemd[1]: Started Trigger resolvconf update for networkd DNS.
[[0;32m  OK  [0m] Started Trigger resolvconf update for networkd DNS.
[   15.758451] systemd[1]: Starting Journal Service...
         Starting Journal Service...
[   15.772405] systemd[1]: Reached target System Time Synchronized.
[[0;32m  OK  [0[   15.780897] EXT4-fs (sda1): re-mounted. Opts: (null)
m] Reached target System Time Synchronized.
[   15.783860] systemd[1]: Started Forward Password Requests to Wall Directory Watch.
[[0;32m  OK  [0m] Started Forward Password Requests to Wall Directory Watch.
[   15.819669] systemd[1]: Created slice User and Session Slice.
[[0;32m  OK  [0m] Created slice User and Session Slice.
[   15.838244] systemd[1]: Reached target Slices.
[[0;32m  OK  [0m] Reached target Slices.
[   15.868695] iscsi: registered transport (iser)
[   16.006667] systemd[1]: Starting Set console keymap...
         Starting Set console keymap...
[   16.074676] systemd[1]: Listening on Device-mapper event daemon FIFOs.
[[0;32m  OK  [0m] Listening on Device-mapper event daemon FIFOs.
[   16.162868] systemd[1]: Starting Monitoring of LVM2 mirrors, snapshots etc. using dmeventd or progress polling...
         Starting Monitoring of LVM2 mirrors... dmeventd or progress polling...
[   16.197035] systemd[1]: Reached target Encrypted Volumes.
[[0;32m  OK  [0m] Reached target Encrypted Volumes.
[   16.246440] systemd[1]: Mounting POSIX Message Queue File System...
         Mounting POSIX Message Queue File System...
[   16.275644] systemd[1]: Listening on udev Kernel Socket.
[[0;32m  OK  [0m] Listening on udev Kernel Socket.
[   16.302544] systemd[1]: Mounting Debug File System...
         Mounting Debug File System...
[   16.362910] systemd[1]: Listening on udev Control Socket.
[[0;32m  OK  [0m] Listening on udev Control Socket.
[   16.378408] systemd[1]: Listening on /dev/initctl Compatibility Named Pipe.
[[0;32m  OK  [0m] Listening on /dev/initctl Compatibility Named Pipe.
[   16.401191] systemd[1]: Created slice system-serial\x2dgetty.slice.
[[0;32m  OK  [0m] Created slice system-serial\x2dgetty.slice.
[   16.421036] systemd[1]: Reached target Swap.
[[0;32m  OK  [0m] Reached target Swap.
[   16.436300] systemd[1]: Mounted Debug File System.
[[0;32m  OK  [0m] Mounted Debug File System.
[   16.442442] systemd[1]: Mounted POSIX Message Queue File System.
[[0;32m  OK  [0m] Mounted POSIX Message Queue File System.
[   16.474841] systemd[1]: Mounted Huge Pages File System.
[[0;32m  OK  [0m] Mounted Huge Pages File System.
[   16.491396] systemd[1]: Started Journal Service.
[[0;32m  OK  [0m] Started Journal Service.
[[0;32m  OK  [0m] Started Create list of required sta...ce nodes for the current kernel.
[[0;32m  OK  [0m] Started Load Kernel Modules.
[[0;32m  OK  [0m] Started Remount Root and Kernel File Systems.
[[0;32m  OK  [0m] Started Uncomplicated firewall.
[[0;32m  OK  [0m] Started Set console keymap.
[[0;32m  OK  [0m] Started Nameserver information manager.
[[0;32m  OK  [0m] Started LVM2 metadata daemon.
         Starting Load/Save Random Seed...
         Starting Initial cloud-init job (pre-networking)...
         Starting udev Coldplug all Devices...
         Mounting FUSE Control File System...
         Starting Apply Kernel Variables...
         Starting Create Static Device Nodes in /dev...
         Starting Flush Journal to Persistent Storage...
[[0;32m  OK  [0m] Mounted FUSE Control File System.
[[0;32m  OK  [0m] Started Load/Save Random Seed.
[[0;32m  OK  [0m] Started udev Coldplug all Devices.
[[0;32m  OK  [0m] Started Apply Kernel Variables.
[[0;32m  OK  [0m] Started Flush Journal to Persistent Storage.
[[0;32m  OK  [0m] Started Monitoring of LVM2 mirrors,...ng dmeventd or progress polling.
[[0;32m  OK  [0m] Started Create Static Device Nodes in /dev.
         Starting udev Kernel Device Manager...
[[0;32m  OK  [0m] Started udev Kernel Device Manager.
[[0;32m  OK  [0m] Started Dispatch Password Requests to Console Directory Watch.
[[0;32m  OK  [0m] Reached target Local File Systems (Pre).
[[0;32m  OK  [0m] Reached target Local File Systems.
         Starting Create Volatile Files and Directories...
         Starting LSB: AppArmor initialization...
         Starting Set console font and keymap...
         Starting Tell Plymouth To Write Out Runtime Data...
[[0;32m  OK  [0m] Started Create Volatile Files and Directories.
         Starting Update UTMP about System Boot/Shutdown...
[[0;32m  OK  [0m] Started Update UTMP about System Boot/Shutdown.
[[0;32m  OK  [0m] Started Tell Plymouth To Write Out Runtime Data.
[[0;32m  OK  [0m] Found device /dev/ttyS0.
[[0;32m  OK  [0m] Started Set console font and keymap.
[[0;32m  OK  [0m] Created slice system-getty.slice.
[[0;32m  OK  [0m] Found device 82540EM Gigabit Ethern...r (PRO/1000 MT Desktop Adapter).
[[0;32m  OK  [0m] Listening on Load/Save RF Kill Switch Status /dev/rfkill Watch.
[[0;32m  OK  [0m] Started LSB: AppArmor initialization.
[   25.018272] cloud-init[439]: Cloud-init v. 18.2 running 'init-local' at Sat, 05 May 2018 14:10:09 +0000. Up 23.98 seconds.
[[0;32m  OK  [0m] Started Initial cloud-init job (pre-networking).
[[0;32m  OK  [0m] Reached target Network (Pre).
         Starting Raise network interfaces...
[[0;32m  OK  [0m] Started ifup for enp0s3.
[[0;32m  OK  [0m] Started ifup for enp0s8.
[[0;32m  OK  [0m] Started Raise network interfaces.
[[0;32m  OK  [0m] Reached target Network.
         Starting Initial cloud-init job (metadata service crawler)...
[   27.104616] cloud-init[1060]: Cloud-init v. 18.2 running 'init' at Sat, 05 May 2018 14:10:11 +0000. Up 26.05 seconds.
[[0;32m  OK  [0m] Started Initial cloud-init job (metadata service crawler).
[   27.198777] cloud-init[1060]: ci-info: ++++++++++++++++++++++++++++++++++++++Net device info++++++++++++++++++++++++++++++++++++++
[   27.216622] cloud-init[1060]: ci-info: +--------+------+-----------------------------+---------------+-------+-------------------+
[   27.216774] cloud-init[1060]: ci-info: | Device |  Up  |           Address           |      Mask     | Scope |     Hw-Address    |
[   27.216889] cloud-init[1060]: ci-info: +--------+------+-----------------------------+---------------+-------+-------------------+
[   27.217035] cloud-init[1060]: ci-info: | enp0s3 | True |          10.0.2.15          | 255.255.255.0 |   .   | 02:39:99:10:d1:5e |
[   27.217143] cloud-init[1060]: ci-info: | enp0s3 | True |  fe80::39:99ff:fe10:d15e/64 |       .       |  link | 02:39:99:10:d1:5e |
[   27.217264] cloud-init[1060]: ci-info: | enp0s8 | True |        192.168.33.10        | 255.255.255.0 |   .   | 08:00:27:b6:12:4f |
[   27.217395] cloud-init[1060]: ci-info: | enp0s8 | True | fe80::a00:27ff:feb6:124f/64 |       .       |  link | 08:00:27:b6:12:4f |
[   27.217511] cloud-init[1060]: ci-info: |   lo   | True |          127.0.0.1          |   255.0.0.0   |   .   |         .         |
[   27.217634] cloud-init[1060]: ci-info: |   lo   | True |           ::1/128           |       .       |  host |         .         |
[   27.217733] cloud-init[1060]: ci-info: +--------+------+-----------------------------+---------------+-------+-------------------+
[   27.217871] cloud-init[1060]: ci-info: ++++++++++++++++++++++++++++Route IPv4 info++++++++++++++++++++++++++++
[   27.217975] cloud-init[1060]: ci-info: +-------+--------------+----------+---------------+-----------+-------+
[   27.218099] cloud-init[1060]: ci-info: | Route | Destination  | Gateway  |    Genmask    | Interface | Flags |
[   27.218214] cloud-init[1060]: ci-info: +-------+--------------+----------+---------------+-----------+-------+
[   27.218329] cloud-init[1060]: ci-info: |   0   |   0.0.0.0    | 10.0.2.2 |    0.0.0.0    |   enp0s3  |   UG  |
[   27.218454] cloud-init[1060]: ci-info: |   1   |   10.0.2.0   | 0.0.0.0  | 255.255.255.0 |   enp0s3  |   U   |
[   27.218570] cloud-init[1060]: ci-info: |   2   | 192.168.33.0 | 0.0.0.0  | 255.255.255.0 |   enp0s8  |   U   |
[   27.218696] cloud-init[1060]: ci-info: +-------+--------------+----------+---------------+-----------+-------+
[[0;32m  OK  [0m] Reached target Cloud-config availability.
[[0;32m  OK  [0m] Reached target System Initialization.
         Starting LXD - unix socket.
[[0;32m  OK  [0m] Started Daily Cleanup of Temporary Directories.
         Starting Docker Socket for the API.
         Starting Socket activation for snappy daemon.
[[0;32m  OK  [0m] Started ACPI Events Check.
[[0;32m  OK  [0m] Reached target Paths.
[[0;32m  OK  [0m] Listening on ACPID Listen Socket.
[[0;32m  OK  [0m] Listening on D-Bus System Message Bus Socket.
[[0;32m  OK  [0m] Started Daily apt download activities.
[[0;32m  OK  [0m] Started Daily apt upgrade and clean activities.
[[0;32m  OK  [0m] Started Clean PHP session files every 30 mins.
[[0;32m  OK  [0m] Listening on UUID daemon activation socket.
[[0;32m  OK  [0m] Reached target Timers.
[[0;32m  OK  [0m] Reached target Network is Online.
         Starting iSCSI initiator daemon (iscsid)...
[[0;32m  OK  [0m] Listening on LXD - unix socket.
[[0;32m  OK  [0m] Listening on Docker Socket for the API.
[[0;32m  OK  [0m] Listening on Socket activation for snappy daemon.
[[0;32m  OK  [0m] Reached target Sockets.
[[0;32m  OK  [0m] Reached target Basic System.
         Starting Docker Application Container Engine...
         Starting System Logging Service...
         Starting LXD - container startup/shutdown...
         Starting LSB: Record successful boot for GRUB...
[[0;32m  OK  [0m] Started D-Bus System Message Bus.
         Starting Apply the settings specified in cloud-config...
         Starting OpenBSD Secure Shell server...
[[0;32m  OK  [0m] Started Unattended Upgrades Shutdown.
[[0;32m  OK  [0m] Started Deferred execution scheduler.
         Starting Accounts Service...
[[0;32m  OK  [0m] Started ACPI event daemon.
         Starting Clean php session files...
         Starting /etc/rc.local Compatibility...
         Starting Snappy daemon...
         Starting Login Service...
         Starting Virtualbox guest utils...
[[0;32m  OK  [0m] Started Regular background program processing daemon.
         Starting LSB: MD monitoring daemon...
[[0;32m  OK  [0m] Started FUSE filesystem for LXC.
[[0;32m  OK  [0m] Started System Logging Service.
[[0;32m  OK  [0m] Started iSCSI initiator daemon (iscsid).
[[0;32m  OK  [0m] Started /etc/rc.local Compatibility.
         Starting Login to default iSCSI targets...
[[0;32m  OK  [0m] Started Login Service.
[[0;32m  OK  [0m] Started LSB: Record successful boot for GRUB.
[[0;32m  OK  [0m] Started LSB: MD monitoring daemon.
[[0;32m  OK  [0m] Started Login to default iSCSI targets.
[[0;32m  OK  [0m] Reached target Remote File Systems (Pre).
[[0;32m  OK  [0m] Reached target Remote File Systems.
         Starting LSB: daemon to balance interrupts for SMP systems...
         Starting Permit User Sessions...
         Starting LSB: automatic crash report generation...
         Starting LSB: Set the CPU Frequency Scaling governor to "ondemand"...
         Starting LSB: Apache2 web server...
[[0;32m  OK  [0m] Started LSB: Set the CPU Frequency Scaling governor to "ondemand".
[[0;32m  OK  [0m] Started LSB: daemon to balance interrupts for SMP systems.
[[0;32m  OK  [0m] Started Permit User Sessions.
         Starting Terminate Plymouth Boot Screen...
         Starting Hold until boot process finishes up...
[[0;32m  OK  [0m] Started Terminate Plymouth Boot Screen.
[[0;32m  OK  [0m] Started Hold until boot process finishes up.
         Starting Set console scheme...
[[0;32m  OK  [0m] Started Serial Getty on ttyS0.
[[0;32m  OK  [0m] Started Getty on tty1.
[[0;32m  OK  [0m] Reached target Login Prompts.
[[0;32m  OK  [0m] Started LSB: automatic crash report generation.
[[0;32m  OK  [0m] Started Set console scheme.
[   31.862171] cloud-init[1140]: Cloud-init v. 18.2 running 'modules:config' at Sat, 05 May 2018 14:10:14 +0000. Up 29.52 seconds.
[[0;32m  OK  [0m] Started Apply the settings specified in cloud-config.
[[0;32m  OK  [0m] Started Virtualbox guest utils.
         Starting Authenticate and Authorize Users to Run Privileged Tasks...
[[0;32m  OK  [0m] Started OpenBSD Secure Shell server.
[[0;32m  OK  [0m] Started Authenticate and Authorize Users to Run Privileged Tasks.
[[0;32m  OK  [0m] Started Accounts Service.
[[0;32m  OK  [0m] Created slice User Slice of vagrant.
         Starting User Manager for UID 1000...
[[0;32m  OK  [0m] Started Session 1 of user vagrant.
[[0;32m  OK  [0m] Started User Manager for UID 1000.
[[0;32m  OK  [0m] Started LXD - container startup/shutdown.

Ubuntu 16.04.4 LTS ubuntu-xenial ttyS0

ubuntu-xenial login: [   52.301747] cloud-init[2040]: Cloud-init v. 18.2 running 'modules:final' at Sat, 05 May 2018 14:10:37 +0000. Up 52.01 seconds.
[   52.302575] cloud-init[2040]: Cloud-init v. 18.2 finished at Sat, 05 May 2018 14:10:37 +0000. Datasource DataSourceNoCloud [seed=/dev/sdb][dsmode=net].  Up 52.29 seconds
