[    0.000000] Initializing cgroup subsys cpuset
[    0.000000] Initializing cgroup subsys cpu
[    0.000000] Initializing cgroup subsys cpuacct
[    0.000000] Linux version 4.4.0-119-generic (buildd@lcy01-amd64-013) (gcc version 5.4.0 20160609 (Ubuntu 5.4.0-6ubuntu1~16.04.9) ) #143-Ubuntu SMP Mon Apr 2 16:08:24 UTC 2018 (Ubuntu 4.4.0-119.143-generic 4.4.114)
[    0.000000] Command line: BOOT_IMAGE=/boot/vmlinuz-4.4.0-119-generic root=LABEL=cloudimg-rootfs ro console=tty1 console=ttyS0
[    0.000000] KERNEL supported cpus:
[    0.000000]   Intel GenuineIntel
[    0.000000]   AMD AuthenticAMD
[    0.000000]   Centaur CentaurHauls
[    0.000000] x86/fpu: xstate_offset[2]:  576, xstate_sizes[2]:  256
[    0.000000] x86/fpu: Supporting XSAVE feature 0x01: 'x87 floating point registers'
[    0.000000] x86/fpu: Supporting XSAVE feature 0x02: 'SSE registers'
[    0.000000] x86/fpu: Supporting XSAVE feature 0x04: 'AVX registers'
[    0.000000] x86/fpu: Enabled xstate features 0x7, context size is 832 bytes, using 'standard' format.
[    0.000000] x86/fpu: Using 'lazy' FPU context switches.
[    0.000000] e820: BIOS-provided physical RAM map:
[    0.000000] BIOS-e820: [mem 0x0000000000000000-0x000000000009fbff] usable
[    0.000000] BIOS-e820: [mem 0x000000000009fc00-0x000000000009ffff] reserved
[    0.000000] BIOS-e820: [mem 0x00000000000f0000-0x00000000000fffff] reserved
[    0.000000] BIOS-e820: [mem 0x0000000000100000-0x000000003ffeffff] usable
[    0.000000] BIOS-e820: [mem 0x000000003fff0000-0x000000003fffffff] ACPI data
[    0.000000] BIOS-e820: [mem 0x00000000fec00000-0x00000000fec00fff] reserved
[    0.000000] BIOS-e820: [mem 0x00000000fee00000-0x00000000fee00fff] reserved
[    0.000000] BIOS-e820: [mem 0x00000000fffc0000-0x00000000ffffffff] reserved
[    0.000000] NX (Execute Disable) protection: active
[    0.000000] SMBIOS 2.5 present.
[    0.000000] Hypervisor detected: KVM
[    0.000000] e820: last_pfn = 0x3fff0 max_arch_pfn = 0x400000000
[    0.000000] MTRR: Disabled
[    0.000000] x86/PAT: MTRRs disabled, skipping PAT initialization too.
[    0.000000] CPU MTRRs all blank - virtualized system.
[    0.000000] x86/PAT: Configuration [0-7]: WB  WT  UC- UC  WB  WT  UC- UC  
[    0.000000] found SMP MP-table at [mem 0x0009fff0-0x0009ffff] mapped at [ffff88000009fff0]
[    0.000000] Scanning 1 areas for low memory corruption
[    0.000000] RAMDISK: [mem 0x36aa4000-0x37549fff]
[    0.000000] ACPI: Early table checksum verification disabled
[    0.000000] ACPI: RSDP 0x00000000000E0000 000024 (v02 VBOX  )
[    0.000000] ACPI: XSDT 0x000000003FFF0030 00003C (v01 VBOX   VBOXXSDT 00000001 ASL  00000061)
[    0.000000] ACPI: FACP 0x000000003FFF00F0 0000F4 (v04 VBOX   VBOXFACP 00000001 ASL  00000061)
[    0.000000] ACPI: DSDT 0x000000003FFF0470 0021FF (v02 VBOX   VBOXBIOS 00000002 INTL 20160108)
[    0.000000] ACPI: FACS 0x000000003FFF0200 000040
[    0.000000] ACPI: FACS 0x000000003FFF0200 000040
[    0.000000] ACPI: APIC 0x000000003FFF0240 00005C (v02 VBOX   VBOXAPIC 00000001 ASL  00000061)
[    0.000000] ACPI: SSDT 0x000000003FFF02A0 0001CC (v01 VBOX   VBOXCPUT 00000002 INTL 20160108)
[    0.000000] No NUMA configuration found
[    0.000000] Faking a node at [mem 0x0000000000000000-0x000000003ffeffff]
[    0.000000] NODE_DATA(0) allocated [mem 0x3ffeb000-0x3ffeffff]
[    0.000000] kvm-clock: Using msrs 4b564d01 and 4b564d00
[    0.000000] kvm-clock: cpu 0, msr 0:3ffe3001, primary cpu clock
[    0.000000] kvm-clock: using sched offset of 3790952990 cycles
[    0.000000] clocksource: kvm-clock: mask: 0xffffffffffffffff max_cycles: 0x1cd42e4dffb, max_idle_ns: 881590591483 ns
[    0.000000] Zone ranges:
[    0.000000]   DMA      [mem 0x0000000000001000-0x0000000000ffffff]
[    0.000000]   DMA32    [mem 0x0000000001000000-0x000000003ffeffff]
[    0.000000]   Normal   empty
[    0.000000]   Device   empty
[    0.000000] Movable zone start for each node
[    0.000000] Early memory node ranges
[    0.000000]   node   0: [mem 0x0000000000001000-0x000000000009efff]
[    0.000000]   node   0: [mem 0x0000000000100000-0x000000003ffeffff]
[    0.000000] Initmem setup node 0 [mem 0x0000000000001000-0x000000003ffeffff]
[    0.000000] ACPI: PM-Timer IO Port: 0x4008
[    0.000000] IOAPIC[0]: apic_id 2, version 32, address 0xfec00000, GSI 0-23
[    0.000000] ACPI: INT_SRC_OVR (bus 0 bus_irq 0 global_irq 2 dfl dfl)
[    0.000000] ACPI: INT_SRC_OVR (bus 0 bus_irq 9 global_irq 9 high level)
[    0.000000] Using ACPI (MADT) for SMP configuration information
[    0.000000] smpboot: Allowing 2 CPUs, 0 hotplug CPUs
[    0.000000] PM: Registered nosave memory: [mem 0x00000000-0x00000fff]
[    0.000000] PM: Registered nosave memory: [mem 0x0009f000-0x0009ffff]
[    0.000000] PM: Registered nosave memory: [mem 0x000a0000-0x000effff]
[    0.000000] PM: Registered nosave memory: [mem 0x000f0000-0x000fffff]
[    0.000000] e820: [mem 0x40000000-0xfebfffff] available for PCI devices
[    0.000000] Booting paravirtualized kernel on KVM
[    0.000000] clocksource: refined-jiffies: mask: 0xffffffff max_cycles: 0xffffffff, max_idle_ns: 7645519600211568 ns
[    0.000000] setup_percpu: NR_CPUS:512 nr_cpumask_bits:512 nr_cpu_ids:2 nr_node_ids:1
[    0.000000] PERCPU: Embedded 34 pages/cpu @ffff88003fc00000 s99544 r8192 d31528 u1048576
[    0.000000] PV qspinlock hash table entries: 256 (order: 0, 4096 bytes)
[    0.000000] Built 1 zonelists in Node order, mobility grouping on.  Total pages: 257912
[    0.000000] Policy zone: DMA32
[    0.000000] Kernel command line: BOOT_IMAGE=/boot/vmlinuz-4.4.0-119-generic root=LABEL=cloudimg-rootfs ro console=tty1 console=ttyS0
[    0.000000] PID hash table entries: 4096 (order: 3, 32768 bytes)
[    0.000000] Memory: 1001620K/1048120K available (8532K kernel code, 1313K rwdata, 3996K rodata, 1508K init, 1316K bss, 46500K reserved, 0K cma-reserved)
[    0.000000] SLUB: HWalign=64, Order=0-3, MinObjects=0, CPUs=2, Nodes=1
[    0.000000] Kernel/User page tables isolation: enabled
[    0.000000] Hierarchical RCU implementation.
[    0.000000] 	Build-time adjustment of leaf fanout to 64.
[    0.000000] 	RCU restricting CPUs from NR_CPUS=512 to nr_cpu_ids=2.
[    0.000000] RCU: Adjusting geometry for rcu_fanout_leaf=64, nr_cpu_ids=2
[    0.000000] NR_IRQS:33024 nr_irqs:440 16
[    0.000000] Console: colour VGA+ 80x25
[    0.000000] console [tty1] enabled
[    0.000000] console [ttyS0] enabled
[    0.000000] tsc: Detected 2494.332 MHz processor
[    0.521231] Calibrating delay loop (skipped) preset value.. 4988.66 BogoMIPS (lpj=9977328)
[    0.523229] pid_max: default: 32768 minimum: 301
[    0.524351] ACPI: Core revision 20150930
[    0.526343] ACPI: 2 ACPI AML tables successfully acquired and loaded
[    0.527890] Security Framework initialized
[    0.528928] Yama: becoming mindful.
[    0.529829] AppArmor: AppArmor initialized
[    0.530875] Dentry cache hash table entries: 131072 (order: 8, 1048576 bytes)
[    0.533118] Inode-cache hash table entries: 65536 (order: 7, 524288 bytes)
[    0.555631] Mount-cache hash table entries: 2048 (order: 2, 16384 bytes)
[    0.562009] Mountpoint-cache hash table entries: 2048 (order: 2, 16384 bytes)
[    0.563694] Initializing cgroup subsys io
[    0.565776] Initializing cgroup subsys memory
[    0.572113] Initializing cgroup subsys devices
[    0.573239] Initializing cgroup subsys freezer
[    0.574280] Initializing cgroup subsys net_cls
[    0.581602] Initializing cgroup subsys perf_event
[    0.653135] Initializing cgroup subsys net_prio
[    0.657090] Initializing cgroup subsys hugetlb
[    0.658206] Initializing cgroup subsys pids
[    0.659368] CPU: Physical Processor ID: 0
[    0.660425] CPU: Processor Core ID: 0
[    0.663594] FEATURE SPEC_CTRL Not Present
[    0.680844] mce: CPU supports 0 MCE banks
[    0.700441] Last level iTLB entries: 4KB 512, 2MB 8, 4MB 8
[    0.720593] Last level dTLB entries: 4KB 512, 2MB 32, 4MB 32, 1GB 0
[    0.743258] Spectre V2 mitigation: Mitigation: Full generic retpoline
[    0.744393] Spectre V2 mitigation: Speculation control IBPB not-supported IBRS not-supported
[    0.754750] Freeing SMP alternatives memory: 32K
[    0.765891] ftrace: allocating 32195 entries in 126 pages
[    0.832353] smpboot: APIC(0) Converting physical 0 to logical package 0
[    0.839175] smpboot: Max logical packages: 1
[    0.861012] x2apic enabled
[    0.869389] Switched APIC routing to physical x2apic.
[    0.871763] ..TIMER: vector=0x30 apic1=0 pin1=2 apic2=-1 pin2=-1
[    0.980255] smpboot: CPU0: Intel(R) Core(TM) i5-2450M CPU @ 2.50GHz (family: 0x6, model: 0x2a, stepping: 0x7)
[    1.010460] Performance Events: unsupported p6 CPU model 42 no PMU driver, software events only.
[    1.015127] KVM setup paravirtual spinlock
[    1.017800] x86: Booting SMP configuration:
[    1.123700] .... node  #0, CPUs:      #1
[    1.194953] kvm-clock: cpu 1, msr 0:3ffe3041, secondary cpu clock
[    1.212510] mce: CPU supports 0 MCE banks
[    1.215212] x86: Booted up 1 node, 2 CPUs
[    1.248993] smpboot: Total of 2 processors activated (9977.32 BogoMIPS)
[    1.255821] devtmpfs: initialized
[    1.259837] evm: security.selinux
[    1.273046] evm: security.SMACK64
[    1.273733] evm: security.SMACK64EXEC
[    1.274470] evm: security.SMACK64TRANSMUTE
[    1.275277] evm: security.SMACK64MMAP
[    1.281071] evm: security.ima
[    1.281713] evm: security.capability
[    1.282634] clocksource: jiffies: mask: 0xffffffff max_cycles: 0xffffffff, max_idle_ns: 7645041785100000 ns
[    1.285440] futex hash table entries: 512 (order: 3, 32768 bytes)
[    1.286620] pinctrl core: initialized pinctrl subsystem
[    1.287717] RTC time: 20:03:28, date: 04/23/18
[    1.308449] NET: Registered protocol family 16
[    1.320876] cpuidle: using governor ladder
[    1.360553] cpuidle: using governor menu
[    1.373455] PCCT header not found.
[    1.381337] ACPI: bus type PCI registered
[    1.382112] acpiphp: ACPI Hot Plug PCI Controller Driver version: 0.5
[    1.383363] PCI: Using configuration type 1 for base access
[    1.398144] ACPI: Added _OSI(Module Device)
[    1.405809] ACPI: Added _OSI(Processor Device)
[    1.423453] ACPI: Added _OSI(3.0 _SCP Extensions)
[    1.501900] ACPI: Added _OSI(Processor Aggregator Device)
[    1.508941] ACPI: Executed 1 blocks of module-level executable AML code
[    1.512279] ACPI: Interpreter enabled
[    1.513082] ACPI: (supports S0 S5)
[    1.513787] ACPI: Using IOAPIC for interrupt routing
[    1.514853] PCI: Using host bridge windows from ACPI; if necessary, use "pci=nocrs" and report a bug
[    1.520340] ACPI: PCI Root Bridge [PCI0] (domain 0000 [bus 00-ff])
[    1.532288] acpi PNP0A03:00: _OSC: OS supports [ASPM ClockPM Segments MSI]
[    1.543535] acpi PNP0A03:00: _OSC: not requesting OS control; OS requires [ExtendedConfig ASPM ClockPM MSI]
[    1.565828] acpi PNP0A03:00: fail to add MMCONFIG information, can't access extended PCI configuration space under this bridge.
[    1.568707] PCI host bridge to bus 0000:00
[    1.569687] pci_bus 0000:00: root bus resource [io  0x0000-0x0cf7 window]
[    1.571088] pci_bus 0000:00: root bus resource [io  0x0d00-0xffff window]
[    1.572589] pci_bus 0000:00: root bus resource [mem 0x000a0000-0x000bffff window]
[    1.584794] pci_bus 0000:00: root bus resource [mem 0x40000000-0xffdfffff window]
[    1.614447] pci_bus 0000:00: root bus resource [bus 00-ff]
[    1.616986] pci 0000:00:01.1: legacy IDE quirk: reg 0x10: [io  0x01f0-0x01f7]
[    1.619564] pci 0000:00:01.1: legacy IDE quirk: reg 0x14: [io  0x03f6]
[    1.639999] pci 0000:00:01.1: legacy IDE quirk: reg 0x18: [io  0x0170-0x0177]
[    1.654568] pci 0000:00:01.1: legacy IDE quirk: reg 0x1c: [io  0x0376]
[    1.688643] pci 0000:00:07.0: quirk: [io  0x4000-0x403f] claimed by PIIX4 ACPI
[    1.748309] pci 0000:00:07.0: quirk: [io  0x4100-0x410f] claimed by PIIX4 SMB
[    1.764562] ACPI: PCI Interrupt Link [LNKA] (IRQs 5 9 10 *11)
[    1.773892] ACPI: PCI Interrupt Link [LNKB] (IRQs 5 9 10 *11)
[    1.776398] ACPI: PCI Interrupt Link [LNKC] (IRQs 5 9 *10 11)
[    1.787817] ACPI: PCI Interrupt Link [LNKD] (IRQs 5 *9 10 11)
[    1.805454] ACPI: Enabled 2 GPEs in block 00 to 07
[    1.824127] vgaarb: setting as boot device: PCI:0000:00:02.0
[    1.830737] vgaarb: device added: PCI:0000:00:02.0,decodes=io+mem,owns=io+mem,locks=none
[    1.832767] vgaarb: loaded
[    1.834638] vgaarb: bridge control possible 0000:00:02.0
[    1.836227] SCSI subsystem initialized
[    1.837318] ACPI: bus type USB registered
[    1.838283] usbcore: registered new interface driver usbfs
[    1.839524] usbcore: registered new interface driver hub
[    1.840764] usbcore: registered new device driver usb
[    1.842826] PCI: Using ACPI for IRQ routing
[    1.850425] NetLabel: Initializing
[    1.851277] NetLabel:  domain hash size = 128
[    1.905644] NetLabel:  protocols = UNLABELED CIPSOv4
[    1.906792] NetLabel:  unlabeled traffic allowed by default
[    1.968746] amd_nb: Cannot enumerate AMD northbridges
[    2.044103] clocksource: Switched to clocksource kvm-clock
[    2.206596] AppArmor: AppArmor Filesystem Enabled
[    2.212811] pnp: PnP ACPI init
[    2.214265] pnp: PnP ACPI: found 3 devices
[    2.225934] clocksource: acpi_pm: mask: 0xffffff max_cycles: 0xffffff, max_idle_ns: 2085701024 ns
[    2.333888] NET: Registered protocol family 2
[    2.337424] TCP established hash table entries: 8192 (order: 4, 65536 bytes)
[    2.340629] TCP bind hash table entries: 8192 (order: 5, 131072 bytes)
[    2.351712] TCP: Hash tables configured (established 8192 bind 8192)
[    2.363645] UDP hash table entries: 512 (order: 2, 16384 bytes)
[    2.367558] UDP-Lite hash table entries: 512 (order: 2, 16384 bytes)
[    2.369050] NET: Registered protocol family 1
[    2.370070] pci 0000:00:00.0: Limiting direct PCI/PCI transfers
[    2.371392] pci 0000:00:01.0: Activating ISA DMA hang workarounds
[    2.373940] Unpacking initramfs...
[    4.290223] Freeing initrd memory: 10904K
[    4.323829] RAPL PMU detected, API unit is 2^-32 Joules, 3 fixed counters 10737418240 ms ovfl timer
[    4.326067] hw unit of domain pp0-core 2^-0 Joules
[    4.327246] hw unit of domain package 2^-0 Joules
[    4.328466] hw unit of domain pp1-gpu 2^-0 Joules
[    4.329823] platform rtc_cmos: registered platform RTC device (no PNP device found)
[    4.331841] Scanning for low memory corruption every 60 seconds
[    4.333620] audit: initializing netlink subsys (disabled)
[    4.339344] audit: type=2000 audit(1524513814.354:1): initialized
[    4.516404] Initialise system trusted keyring
[    4.517570] HugeTLB registered 2 MB page size, pre-allocated 0 pages
[    4.774891] zbud: loaded
[    4.873475] VFS: Disk quotas dquot_6.6.0
[    4.933446] VFS: Dquot-cache hash table entries: 512 (order 0, 4096 bytes)
[    4.934878] squashfs: version 4.0 (2009/01/31) Phillip Lougher
[    4.936327] fuse init (API version 7.23)
[    4.937236] Key type big_key registered
[    4.943229] Allocating IMA MOK and blacklist keyrings.
[    4.945398] Key type asymmetric registered
[    4.973642] Asymmetric key parser 'x509' registered
[    4.974869] Block layer SCSI generic (bsg) driver version 0.4 loaded (major 249)
[    4.976842] io scheduler noop registered
[    4.977836] io scheduler deadline registered (default)
[    4.979088] io scheduler cfq registered
[    4.980215] pci_hotplug: PCI Hot Plug PCI Core version: 0.5
[    4.981590] pciehp: PCI Express Hot Plug Controller Driver version: 0.4
[    4.983274] ACPI: AC Adapter [AC] (off-line)
[    4.986178] input: Power Button as /devices/LNXSYSTM:00/LNXPWRBN:00/input/input0
[    5.023632] ACPI: Power Button [PWRF]
[    5.033629] input: Sleep Button as /devices/LNXSYSTM:00/LNXSLPBN:00/input/input1
[    5.093401] ACPI: Sleep Button [SLPF]
[    5.095281] ACPI: Battery Slot [BAT0] (battery present)
[    5.097915] GHES: HEST is not enabled!
[    5.103227] Serial: 8250/16550 driver, 32 ports, IRQ sharing enabled
[    5.147502] 00:02: ttyS0 at I/O 0x3f8 (irq = 4, base_baud = 115200) is a 16550A
[    5.165352] Linux agpgart interface v0.103
[    5.172834] loop: module loaded
[    5.203962] scsi host0: ata_piix
[    5.252075] scsi host1: ata_piix
[    5.259978] ata1: PATA max UDMA/33 cmd 0x1f0 ctl 0x3f6 bmdma 0xd000 irq 14
[    5.263077] ata2: PATA max UDMA/33 cmd 0x170 ctl 0x376 bmdma 0xd008 irq 15
[    5.264917] libphy: Fixed MDIO Bus: probed
[    5.265895] tun: Universal TUN/TAP device driver, 1.6
[    5.267041] tun: (C) 1999-2004 Max Krasnyansky <maxk@qualcomm.com>
[    5.268437] PPP generic driver version 2.4.2
[    5.269555] ehci_hcd: USB 2.0 'Enhanced' Host Controller (EHCI) Driver
[    5.270955] ehci-pci: EHCI PCI platform driver
[    5.272034] ehci-platform: EHCI generic platform driver
[    5.273279] ohci_hcd: USB 1.1 'Open' Host Controller (OHCI) Driver
[    5.274602] ohci-pci: OHCI PCI platform driver
[    5.363545] tsc: Refined TSC clocksource calibration: 2493.825 MHz
[    5.364988] clocksource: tsc: mask: 0xffffffffffffffff max_cycles: 0x23f2709583b, max_idle_ns: 440795245900 ns
[    5.365037] ohci-platform: OHCI generic platform driver
[    5.365053] uhci_hcd: USB Universal Host Controller Interface driver
[    5.365148] i8042: PNP: PS/2 Controller [PNP0303:PS2K,PNP0f03:PS2M] at 0x60,0x64 irq 1,12
[    5.365640] serio: i8042 KBD port at 0x60,0x64 irq 1
[    5.365646] serio: i8042 AUX port at 0x60,0x64 irq 12
[    5.372211] mousedev: PS/2 mouse device common for all mice
[    5.372505] input: AT Translated Set 2 keyboard as /devices/platform/i8042/serio0/input/input2
[    5.372917] rtc_cmos rtc_cmos: rtc core: registered rtc_cmos as rtc0
[    5.372981] rtc_cmos rtc_cmos: alarms up to one day, 114 bytes nvram
[    5.372988] i2c /dev entries driver
[    5.373048] device-mapper: uevent: version 1.0.3
[    5.373106] device-mapper: ioctl: 4.34.0-ioctl (2015-10-28) initialised: dm-devel@redhat.com
[    5.373128] ledtrig-cpu: registered to indicate activity on CPUs
[    5.373458] NET: Registered protocol family 10
[    5.373618] NET: Registered protocol family 17
[    5.373629] Key type dns_resolver registered
[    5.373892] registered taskstats version 1
[    5.373907] Loading compiled-in X.509 certificates
[    5.374694] Loaded X.509 cert 'Build time autogenerated kernel key: f854e06633b5f496ced5b2e02c7b14f761b69302'
[    5.374713] zswap: loaded using pool lzo/zbud
[    5.376885] Key type trusted registered
[    5.380488] Key type encrypted registered
[    5.380494] AppArmor: AppArmor sha1 policy hashing enabled
[    5.380497] ima: No TPM chip found, activating TPM-bypass!
[    5.380521] evm: HMAC attrs: 0x1
[    5.380829]   Magic number: 14:351:94
[    5.384587] rtc_cmos rtc_cmos: setting system clock to 2018-04-23 20:03:32 UTC (1524513812)
[    5.384691] BIOS EDD facility v0.16 2004-Jun-25, 0 devices found
[    5.384691] EDD information not available.
[    6.227135] Freeing unused kernel memory: 1508K
[    6.354514] Write protecting the kernel read-only data: 14336k
[    6.399657] Freeing unused kernel memory: 1696K
[    6.444492] Freeing unused kernel memory: 100K
Loading, please [    6.514296] random: systemd-udevd: uninitialized urandom read (16 bytes read, 3 bits of entropy available)
wait...
starting version 229
[    6.515169] random: udevadm: uninitialized urandom read (16 bytes read, 3 bits of entropy available)
[    6.515200] random: udevadm: uninitialized urandom read (16 bytes read, 3 bits of entropy available)
[    6.531751] random: udevadm: uninitialized urandom read (16 bytes read, 3 bits of entropy available)
[    6.531818] random: udevadm: uninitialized urandom read (16 bytes read, 3 bits of entropy available)
[    6.532050] random: udevadm: uninitialized urandom read (16 bytes read, 3 bits of entropy available)
[    6.532141] random: udevadm: uninitialized urandom read (16 bytes read, 3 bits of entropy available)
[    6.532233] random: udevadm: uninitialized urandom read (16 bytes read, 3 bits of entropy available)
[    6.532326] random: udevadm: uninitialized urandom read (16 bytes read, 3 bits of entropy available)
[    6.532414] random: udevadm: uninitialized urandom read (16 bytes read, 3 bits of entropy available)
[    6.637273] e1000: Intel(R) PRO/1000 Network Driver - version 7.3.21-k8-NAPI
[    6.661650] e1000: Copyright (c) 1999-2006 Intel Corporation.
[    6.667807] Fusion MPT base driver 3.04.20
[    6.697018] Copyright (c) 1999-2008 LSI Corporation
[    6.710414] Fusion MPT SPI Host driver 3.04.20
[    6.736922] AVX version of gcm_enc/dec engaged.
[    6.754244] AES CTR mode by8 optimization enabled
[    6.929771] input: ImExPS/2 Generic Explorer Mouse as /devices/platform/i8042/serio1/input/input4
[    7.048197] e1000 0000:00:03.0 eth0: (PCI:33MHz:32-bit) 02:39:99:10:d1:5e
[    7.068809] e1000 0000:00:03.0 eth0: Intel(R) PRO/1000 Network Connection
[    7.451686] e1000 0000:00:08.0 eth1: (PCI:33MHz:32-bit) 08:00:27:6f:7e:fa
[    7.510526] e1000 0000:00:08.0 eth1: Intel(R) PRO/1000 Network Connection
[    7.542402] mptbase: ioc0: Initiating bringup
[    7.543132] e1000 0000:00:03.0 enp0s3: renamed from eth0
[    7.942824] e1000 0000:00:08.0 enp0s8: renamed from eth1
[    8.016781] ioc0: LSI53C1030 A0: Capabilities={Initiator}
[    8.219490] scsi host2: ioc0: LSI53C1030 A0, FwRev=00000000h, Ports=1, MaxQ=256, IRQ=20
[    8.364809] scsi 2:0:0:0: Direct-Access     VBOX     HARDDISK         1.0  PQ: 0 ANSI: 5
[    8.387390] scsi target2:0:0: Beginning Domain Validation
[    8.400184] scsi target2:0:0: Domain Validation skipping write tests
[    8.411208] scsi target2:0:0: Ending Domain Validation
[    8.412452] scsi target2:0:0: asynchronous
[    8.416470] scsi 2:0:1:0: Direct-Access     VBOX     HARDDISK         1.0  PQ: 0 ANSI: 5
[    8.421795] scsi target2:0:1: Beginning Domain Validation
[    8.424083] scsi target2:0:1: Domain Validation skipping write tests
[    8.431652] scsi target2:0:1: Ending Domain Validation
[    8.432992] scsi target2:0:1: asynchronous
[    8.440095] sd 2:0:0:0: [sda] 20971520 512-byte logical blocks: (10.7 GB/10.0 GiB)
[    8.445866] sd 2:0:0:0: [sda] Write Protect is off
[    8.450365] sd 2:0:0:0: Attached scsi generic sg0 type 0
[    8.452205] sd 2:0:1:0: [sdb] 20480 512-byte logical blocks: (10.5 MB/10.0 MiB)
[    8.454250] sd 2:0:0:0: [sda] Incomplete mode parameter data
[    8.454252] sd 2:0:1:0: [sdb] Write Protect is off
[    8.454347] sd 2:0:1:0: [sdb] Incomplete mode parameter data
[    8.454349] sd 2:0:1:0: [sdb] Assuming drive cache: write through
[    8.455097] sd 2:0:1:0: Attached scsi generic sg1 type 0
[    8.476220] sd 2:0:1:0: [sdb] Attached SCSI disk
[    8.528455] sd 2:0:0:0: [sda] Assuming drive cache: write through
[    8.540293]  sda: sda1
[    8.544811] sd 2:0:0:0: [sda] Attached SCSI disk
[    9.744489] floppy0: no floppy controllers found
Begin: Loading e[   11.201423] md: linear personality registered for level -1
ssential drivers ... [   11.212342] md: multipath personality registered for level -4
[   11.222130] md: raid0 personality registered for level 0
[   11.232534] md: raid1 personality registered for level 1
[   11.308147] raid6: sse2x1   gen()  7944 MB/s
[   11.380133] raid6: sse2x1   xor()  6180 MB/s
[   11.448127] raid6: sse2x2   gen()  9776 MB/s
[   11.520138] raid6: sse2x2   xor()  7004 MB/s
[   11.592130] raid6: sse2x4   gen() 11587 MB/s
[   11.664166] raid6: sse2x4   xor()  6510 MB/s
[   11.682189] raid6: using algorithm sse2x4 gen() 11587 MB/s
[   11.707390] raid6: .... xor() 6510 MB/s, rmw enabled
[   11.708599] raid6: using ssse3x2 recovery algorithm
[   11.711651] xor: automatically using best checksumming function:
[   11.772317]    avx       : 39190.000 MB/sec
[   11.785726] async_tx: api initialized (async)
[   11.833841] md: raid6 personality registered for level 6
[   11.840440] md: raid5 personality registered for level 5
[   11.841610] md: raid4 personality registered for level 4
[   11.849813] md: raid10 personality registered for level 10
done.
Begin: Running /scripts/init-premount ... done.
Begin: Mounting root file system ... Begin: Running /scripts/local-top ... done.
Begin: Running /scripts/local-premount ... [   11.903877] Btrfs loaded
Scanning for Btrfs filesystems
done.
Warning: fsck no[   12.059540] EXT4-fs (sda1): INFO: recovery required on readonly filesystem
t present, so sk[   12.063888] EXT4-fs (sda1): write access will be enabled during recovery
ipping root file system
[   12.422201] EXT4-fs (sda1): recovery complete
[   12.443633] EXT4-fs (sda1): mounted filesystem with ordered data mode. Opts: (null)
done.
Begin: Running /scripts/local-bottom ... done.
Begin: Running /scripts/init-bottom ... done.
[   13.243244] random: nonblocking pool is initialized
[   13.372205] systemd[1]: systemd 229 running in system mode. (+PAM +AUDIT +SELINUX +IMA +APPARMOR +SMACK +SYSVINIT +UTMP +LIBCRYPTSETUP +GCRYPT +GNUTLS +ACL +XZ -LZ4 +SECCOMP +BLKID +ELFUTILS +KMOD -IDN)
[   13.385674] systemd[1]: Detected virtualization oracle.
[   13.391245] systemd[1]: Detected architecture x86-64.

Welcome to [1mUbuntu 16.04.4 LTS[0m!

[   13.430080] systemd[1]: Set hostname to <ubuntu-xenial>.
[   14.735436] systemd[1]: Listening on udev Control Socket.
[[0;32m  OK  [0m] Listening on udev Control Socket.
[   14.925729] systemd[1]: Listening on /dev/initctl Compatibility Named Pipe.
[[0;32m  OK  [0m] Listening on /dev/initctl Compatibility Named Pipe.
[   14.929029] systemd[1]: Created slice User and Session Slice.
[[0;32m  OK  [0m] Created slice User and Session Slice.
[   14.966294] systemd[1]: Started Trigger resolvconf update for networkd DNS.
[[0;32m  OK  [0m] Started Trigger resolvconf update for networkd DNS.
[   14.971503] systemd[1]: Created slice System Slice.
[[0;32m  OK  [0m] Created slice System Slice.
[   14.986346] systemd[1]: Created slice system-serial\x2dgetty.slice.
[[0;32m  OK  [0m] Created slice system-serial\x2dgetty.slice.
[   15.067407] systemd[1]: Reached target Slices.
[[0;32m  OK  [0m] Reached target Slices.
[   15.089140] systemd[1]: Listening on LVM2 poll daemon socket.
[[0;32m  OK  [0m] Listening on LVM2 poll daemon socket.
[   15.147596] systemd[1]: Listening on Journal Socket.
[[0;32m  OK  [0m] Listening on Journal Socket.
[   15.201108] systemd[1]: Starting Load Kernel Modules...
         Starting Load Kernel Modules...
[   15.232974] systemd[1]: Mounting Debug File System...
         Mounting Debug File System...
[   15.284837] systemd[1]: Listening on LVM2 metadata daemon socket.
[   15.331944] Loading iSCSI transport class v2.0-870.
[[0;32m  OK  [0m] Listening on LVM2 metadata daemon socket.
[   15.356076] systemd[1]: Reached target Encrypted Volumes.
[[0;32m  OK  [0m] Reached target Encrypted Volumes.
[   15.366434] systemd[1]: Listening on Device-mapper event daemon FIFOs.
[[0;32m  OK  [0m] Listening on Device-mapper event daemon FIFOs.
[   15.388762] systemd[1]: Starting Monitoring of LVM2 mirrors, snapshots etc. using dmeventd or progress polling...
[   15.402468] iscsi: registered transport (tcp)
         Starting Monitoring of LVM2 mirrors... dmeventd or progress polling...
[   15.408308] systemd[1]: Mounting POSIX Message Queue File System...
         Mounting POSIX Message Queue File System...
[   15.421605] systemd[1]: Starting Create list of required static device nodes for the current kernel...
         Starting Create list of required st... nodes for the current kernel...
[   15.473315] systemd[1]: Reached target Swap.
[[0;32m  OK  [0m] Reached target Swap.
[   15.492399] systemd[1]: Listening on Syslog Socket.
[[0;32m  OK  [0m] Listening on Syslog Socket.
[   15.504582] systemd[1]: Listening on Journal Socket (/dev/log).
[[0;32m  OK  [0m] Listening on Journal Socket (/dev/log).
[   15.520732] systemd[1]: Starting Uncomplicated firewall...
         Starting Uncomplicated firewall...
[   15.567737] systemd[1]: Set up automount Arbitrary Executable File Formats File System Automount Point.
[[0;32m  OK  [0m] Set up automount Arbitrary Executab...ats File System Automount Point.
[   15.696831] systemd[1]: Starting Remount Root and Kernel File Systems...
         [   15.727948] iscsi: registered transport (iser)
Starting Remount[   15.856519] EXT4-fs (sda1): re-mounted. Opts: (null)
 Root and Kernel File Systems...
[   15.940478] systemd[1]: Started Forward Password Requests to Wall Directory Watch.
[[0;32m  OK  [0m] Started Forward Password Requests to Wall Directory Watch.
[   15.960484] systemd[1]: Mounting Huge Pages File System...
         Mounting Huge Pages File System...
[   15.976544] systemd[1]: Starting Set console keymap...
         Starting Set console keymap...
[   15.981188] systemd[1]: Reached target System Time Synchronized.
[[0;32m  OK  [0m] Reached target System Time Synchronized.
[   16.025785] systemd[1]: Listening on Journal Audit Socket.
[[0;32m  OK  [0m] Listening on Journal Audit Socket.
[   16.072425] systemd[1]: Starting Journal Service...
         Starting Journal Service...
[   16.172750] systemd[1]: Starting Nameserver information manager...
         Starting Nameserver information manager...
[   16.268804] systemd[1]: Listening on udev Kernel Socket.
[[0;32m  OK  [0m] Listening on udev Kernel Socket.
[   16.345582] systemd[1]: Reached target User and Group Name Lookups.
[[0;32m  OK  [0m] Reached target User and Group Name Lookups.
[   16.367098] systemd[1]: Mounted Debug File System.
[[0;32m  OK  [0m] Mounted Debug File System.
[   16.447743] systemd[1]: Mounted POSIX Message Queue File System.
[[0;32m  OK  [0m] Mounted POSIX Message Queue File System.
[   16.457020] systemd[1]: Mounted Huge Pages File System.
[[0;32m  OK  [0m] Mounted Huge Pages File System.
[   16.460054] systemd[1]: Started Journal Service.
[[0;32m  OK  [0m] Started Journal Service.
[[0;32m  OK  [0m] Started Load Kernel Modules.
[[0;32m  OK  [0m] Started Create list of required sta...ce nodes for the current kernel.
[[0;32m  OK  [0m] Started Uncomplicated firewall.
[[0;32m  OK  [0m] Started Remount Root and Kernel File Systems.
[[0;32m  OK  [0m] Started Set console keymap.
[[0;32m  OK  [0m] Started Nameserver information manager.
[[0;32m  OK  [0m] Started LVM2 metadata daemon.
         Starting udev Coldplug all Devices...
         Starting Initial cloud-init job (pre-networking)...
         Starting Load/Save Random Seed...
         Starting Create Static Device Nodes in /dev...
         Starting Apply Kernel Variables...
         Mounting FUSE Control File System...
         Starting Flush Journal to Persistent Storage...
[[0;32m  OK  [0m] Mounted FUSE Control File System.
[[0;32m  OK  [0m] Started Load/Save Random Seed.
[[0;32m  OK  [0m] Started udev Coldplug all Devices.
[[0;32m  OK  [0m] Started Apply Kernel Variables.
[[0;32m  OK  [0m] Started Flush Journal to Persistent Storage.
[[0;32m  OK  [0m] Started Monitoring of LVM2 mirrors,...ng dmeventd or progress polling.
[[0;32m  OK  [0m] Started Create Static Device Nodes in /dev.
         Starting udev Kernel Device Manager...
[[0;32m  OK  [0m] Started udev Kernel Device Manager.
[[0;32m  OK  [0m] Reached target Local File Systems (Pre).
[[0;32m  OK  [0m] Reached target Local File Systems.
         Starting Create Volatile Files and Directories...
         Starting LSB: AppArmor initialization...
         Starting Tell Plymouth To Write Out Runtime Data...
         Starting Set console font and keymap...
[[0;32m  OK  [0m] Started Dispatch Password Requests to Console Directory Watch.
[[0;32m  OK  [0m] Found device /dev/ttyS0.
[[0;32m  OK  [0m] Started Tell Plymouth To Write Out Runtime Data.
[[0;32m  OK  [0m] Started Create Volatile Files and Directories.
         Starting Update UTMP about System Boot/Shutdown...
[[0;32m  OK  [0m] Started Set console font and keymap.
[[0;32m  OK  [0m] Started Update UTMP about System Boot/Shutdown.
[[0;32m  OK  [0m] Created slice system-getty.slice.
[[0;32m  OK  [0m] Found device 82540EM Gigabit Ethern...r (PRO/1000 MT Desktop Adapter).
[[0;32m  OK  [0m] Listening on Load/Save RF Kill Switch Status /dev/rfkill Watch.
[[0;32m  OK  [0m] Started LSB: AppArmor initialization.
[   22.538452] cloud-init[440]: Cloud-init v. 17.2 running 'init-local' at Mon, 23 Apr 2018 20:03:50 +0000. Up 21.70 seconds.
[[0;32m  OK  [0m] Started Initial cloud-init job (pre-networking).
[[0;32m  OK  [0m] Reached target Network (Pre).
         Starting Raise network interfaces...
[[0;32m  OK  [0m] Started ifup for enp0s3.
[[0;32m  OK  [0m] Started ifup for enp0s8.
[[0;32m  OK  [0m] Started Raise network interfaces.
[[0;32m  OK  [0m] Reached target Network.
         Starting Initial cloud-init job (metadata service crawler)...
[   24.420146] cloud-init[1063]: Cloud-init v. 17.2 running 'init' at Mon, 23 Apr 2018 20:03:52 +0000. Up 23.34 seconds.
[   24.425433] cloud-init[1063]: ci-info: ++++++++++++++++++++++++++++++++++++++Net device info++++++++++++++++++++++++++++++++++++++
[   24.464534] cloud-init[1063]: ci-info: +--------+------+-----------------------------+---------------+-------+-------------------+
[   24.488701] cloud-init[1063]: ci-info: | Device |  Up  |           Address           |      Mask     | Scope |     Hw-Address    |
[   24.520643] cloud-init[1063]: ci-info: +--------+------+-----------------------------+---------------+-------+-------------------+
[[0;32m  OK  [0m] Started Initial cloud-init job (metadata service crawler).
[   24.521029] cloud-init[1063]: ci-info: | enp0s3 | True |          10.0.2.15          | 255.255.255.0 |   .   | 02:39:99:10:d1:5e |
[   24.617425] cloud-init[1063]: ci-info: | enp0s3 | True |  fe80::39:99ff:fe10:d15e/64 |       .       |  link | 02:39:99:10:d1:5e |
[   24.617660] cloud-init[1063]: ci-info: | enp0s8 | True |        192.168.33.10        | 255.255.255.0 |   .   | 08:00:27:6f:7e:fa |
[[0;32m  OK  [0m] Reached target Network is Online.
[   24.617866] cloud-init[1063]: ci-info: | enp0s8 | True | fe80::a00:27ff:fe6f:7efa/64 |       .       |  link | 08:00:27:6f:7e:fa |
[   24.665265] cloud-init[1063]: ci-info: |   lo   | True |          127.0.0.1          |   255.0.0.0   |   .   |         .         |
[   24.692958] cloud-init[1063]: ci-info: |   lo   | True |           ::1/128           |       .       |  host |         .         |
[   24.694128] cloud-init[1063]: ci-info: +--------+------+-----------------------------+---------------+-------+-------------------+
         Starting iSCSI initiator daemon (iscsid)...
[   24.694480] cloud-init[1063]: ci-info: ++++++++++++++++++++++++++++Route IPv4 info++++++++++++++++++++++++++++
[[0;32m  OK  [0m] Reached target Cloud-config availability.
[   24.837933] cloud-init[1063]: ci-info: +-------+--------------+----------+---------------+-----------+-------+
[   24.930642] cloud-init[1063]: ci-info: | Route | Destination  | Gateway  |    Genmask    | Interface | Flags |
[[0;32m  OK  [0m] Reached target System Initialization.
[   24.930932] cloud-init[1063]: ci-info: +-------+--------------+----------+---------------+-----------+-------+
[   25.085045] cloud-init[1063]: ci-info: |   0   |   0.0.0.0    | 10.0.2.2 |    0.0.0.0    |   enp0s3  |   UG  |
[   25.121610] cloud-init[1063]: ci-info: |   1   |   10.0.2.0   | 0.0.0.0  | 255.255.255.0 |   enp0s3  |   U   |
[   25.126559] cloud-init[1063]: ci-info: |   2   | 192.168.33.0 | 0.0.0.0  | 255.255.255.0 |   enp0s8  |   U   |
[   25.136773] cloud-init[1063]: ci-info: +-------+--------------+----------+---------------+-----------+-------+
[[0;32m  OK  [0m] Started Timer to automatically refresh installed snaps.
[[0;32m  OK  [0m] Started Daily apt download activities.
         Starting Docker Socket for the API.
[[0;32m  OK  [0m] Listening on D-Bus System Message Bus Socket.
[[0;32m  OK  [0m] Listening on ACPID Listen Socket.
[[0;32m  OK  [0m] Started ACPI Events Check.
[[0;32m  OK  [0m] Reached target Paths.
         Starting Socket activation for snappy daemon.
[[0;32m  OK  [0m] Started Daily Cleanup of Temporary Directories.
[[0;32m  OK  [0m] Listening on UUID daemon activation socket.
[[0;32m  OK  [0m] Started Daily apt upgrade and clean activities.
         Starting LXD - unix socket.
[[0;32m  OK  [0m] Reached target Timers.
[[0;32m  OK  [0m] Listening on Docker Socket for the API.
[[0;32m  OK  [0m] Listening on Socket activation for snappy daemon.
[[0;32m  OK  [0m] Listening on LXD - unix socket.
[[0;32m  OK  [0m] Started iSCSI initiator daemon (iscsid).
         Starting Login to default iSCSI targets...
[[0;32m  OK  [0m] Reached target Sockets.
[[0;32m  OK  [0m] Reached target Basic System.
         Starting LSB: Record successful boot for GRUB...
         Starting Virtualbox guest utils...
[[0;32m  OK  [0m] Started Unattended Upgrades Shutdown.
         Starting LXD - container startup/shutdown...
[[0;32m  OK  [0m] Started ACPI event daemon.
[[0;32m  OK  [0m] Started Deferred execution scheduler.
         Starting Login Service...
         Starting Accounts Service...
         Starting /etc/rc.local Compatibility...
         Starting Snappy daemon...
[[0;32m  OK  [0m] Started FUSE filesystem for LXC.
         Starting System Logging Service...
         Starting OpenBSD Secure Shell server...
         Starting Apply the settings specified in cloud-config...
         Starting LSB: MD monitoring daemon...
[[0;32m  OK  [0m] Started Regular background program processing daemon.
[[0;32m  OK  [0m] Started D-Bus System Message Bus.
[   27.718346] cloud-init[1158]: Cloud-init v. 17.2 running 'modules:config' at Mon, 23 Apr 2018 20:03:55 +0000. Up 26.72 seconds.
         Starting Docker Application Container Engine...
[[0;32m  OK  [0m] Started System Logging Service.
[[0;32m  OK  [0m] Started OpenBSD Secure Shell server.
[[0;32m  OK  [0m] Started /etc/rc.local Compatibility.
[[0;32m  OK  [0m] Started Apply the settings specified in cloud-config.
[[0;32m  OK  [0m] Started Login Service.
[[0;32m  OK  [0m] Started LSB: Record successful boot for GRUB.
         Starting Authenticate and Authorize Users to Run Privileged Tasks...
[[0;32m  OK  [0m] Started Login to default iSCSI targets.
[[0;32m  OK  [0m] Reached target Remote File Systems (Pre).
[[0;32m  OK  [0m] Reached target Remote File Systems.
         Starting LSB: automatic crash report generation...
         Starting LSB: Set the CPU Frequency Scaling governor to "ondemand"...
         Starting LSB: daemon to balance interrupts for SMP systems...
         Starting Permit User Sessions...
[[0;32m  OK  [0m] Started LSB: MD monitoring daemon.
[[0;32m  OK  [0m] Started LSB: Set the CPU Frequency Scaling governor to "ondemand".
[[0;32m  OK  [0m] Started Permit User Sessions.
[[0;32m  OK  [0m] Started LSB: automatic crash report generation.
         Starting Terminate Plymouth Boot Screen...
         Starting Hold until boot process finishes up...
[[0;32m  OK  [0m] Started Virtualbox guest utils.
[[0;32m  OK  [0m] Started LSB: daemon to balance interrupts for SMP systems.
[[0;32m  OK  [0m] Started Terminate Plymouth Boot Screen.
[[0;32m  OK  [0m] Started Hold until boot process finishes up.
[[0;32m  OK  [0m] Started Authenticate and Authorize Users to Run Privileged Tasks.
[[0;32m  OK  [0m] Started Accounts Service.
         Starting Set console scheme...
[[0;32m  OK  [0m] Started Serial Getty on ttyS0.
[[0;32m  OK  [0m] Started Getty on tty1.
[[0;32m  OK  [0m] Reached target Login Prompts.
[[0;32m  OK  [0m] Started Set console scheme.
[[0;32m  OK  [0m] Created slice User Slice of vagrant.
         Starting User Manager for UID 1000...
[[0;32m  OK  [0m] Started Session 1 of user vagrant.
[[0;32m  OK  [0m] Started User Manager for UID 1000.
[[0;32m  OK  [0m] Started Snappy daemon.
[[0;32m  OK  [0m] Started LXD - container startup/shutdown.

Ubuntu 16.04.4 LTS ubuntu-xenial ttyS0

ubuntu-xenial login: [   47.904508] cloud-init[1957]: Cloud-init v. 17.2 running 'modules:final' at Mon, 23 Apr 2018 20:04:16 +0000. Up 47.69 seconds.
[   47.905768] cloud-init[1957]: Cloud-init v. 17.2 finished at Mon, 23 Apr 2018 20:04:16 +0000. Datasource DataSourceNoCloud [seed=/dev/sdb][dsmode=net].  Up 47.89 seconds
[[0;32m  OK  [0m] Stopped target Timers.
[[0;32m  OK  [0m] Stopped Daily apt upgrade and clean activities.
[[0;32m  OK  [0m] Stopped Daily Cleanup of Temporary Directories.
[[0;32m  OK  [0m] Stopped target Cloud-in[[0;32m  OK  [0m] Unmounted /var/lib/lxcfs.
[[0;32m  OK  [0m] Stopped ACPI event daemon.
[[0;32m  OK  [0m] Stopped Deferred execution scheduler.
[[0;32m  OK  [0m] Stopped Accounts Service.
[[0;32m  OK  [0m] Stopped Snappy daemon.
[[0;32m  OK  [0m] Stopped System Logging Service.
[[0;32m  OK  [0m] Stopped OpenBSD Secure Shell server.
[[0;32m  OK  [0m] Stopped Regular background program processing daemon.
[[0;32m  OK  [0m] Stopped Authenticate and Authorize Users to Run Privileged Tasks.
[[0;32m  OK  [0m] Stopped Serial Getty on ttyS0.
[[0;32m  OK  [0m] Stopped Getty on tty1.
[[0;32m  OK  [0m] Stopped User Manager for UID 1000.
[[0;32m  OK  [0m] Stopped Session 6 of user vagrant.
[[0;32m  OK  [0m] Stopped D-Bus System Message Bus.
[[0;32m  OK  [0m] Stopped Unattended Upgrades Shutdown.
[[0;32m  OK  [0m] Stopped FUSE filesystem for LXC.
[[0;32m  OK  [0m] Stopped LSB: MD monitoring daemon.
[[0;32m  OK  [0m] Unmounted /run/docker/netns/0879d6f5a7a5.
[[0;32m  OK  [0m] Unmounted /var/lib/docker/container...5325721a838fe63dcd43/mounts/shm.
[[0;32m  OK  [0m] Unmounted /var/lib/docker/container...cc285325721a838fe63dcd43/mounts.
[[0;32m  OK  [0m] Unmounted /var/lib/docker/overlay2/...338b179e88e930aaa6cd7897/merged.
[[0;32m  OK  [0m] Unmounted /run/docker/netns/b603ce2f5a55.
[[0;32m  OK  [0m] Unmounted /run/docker/netns/fdae465f5003.
[[0;32m  OK  [0m] Unmounted /var/lib/docker/container...0d0c2250ad46c41995e9/mounts/shm.
[[0;32m  OK  [0m] Unmounted /var/lib/docker/container...0c5b0d0c2250ad46c41995e9/mounts.
[[0;32m  OK  [0m] Unmounted /var/lib/docker/overlay2/...2bf8e41096616ec06dd9b4c8/merged.
[[0;32m  OK  [0m] Unmounted /var/lib/docker/container...0825d14794a3564ceaf6/mounts/shm.
[[0;32m  OK  [0m] Unmounted /var/lib/docker/overlay2/...d0be5f440dc698a5a60bf707/merged.
[[0;32m  OK  [0m] Unmounted /run/docker/netns/d23bb9f33418.
[[0;32m  OK  [0m] Unmounted /var/lib/docker/container...5eff0825d14794a3564ceaf6/mounts.
[[0;32m  OK  [0m] Unmounted /var/lib/docker/container...6cc2446ffb9e718638f0/mounts/shm.
[[0;32m  OK  [0m] Unmounted /var/lib/docker/overlay2/...492366aa8be1b54bfb9c1c4e/merged.
[[0;32m  OK  [0m] Unmounted /var/lib/docker/container...beca6cc2446ffb9e718638f0/mounts.
[[0;32m  OK  [0m] Stopped LXD - container startup/shutdown.
[[0;32m  OK  [0m] Stopped LSB: Record successful boot for GRUB.
[[0;32m  OK  [0m] Stopped LSB: daemon to balance interrupts for SMP systems.
[[0;32m  OK  [0m] Stopped LSB: Set the CPU Frequency Scaling governor to "ondemand".
[[0;32m  OK  [0m] Stopped Virtualbox guest utils.
[[0;32m  OK  [0m] Stopped LSB: automatic crash report generation.
[[0;32m  OK  [0m] Removed slice User Slice of vagrant.
         Stopping Login Service...
[[0;32m  OK  [0m] Removed slice system-getty.slice.
         Stopping Permit User Sessions...
[[0;32m  OK  [0m] Removed slice system-serial\x2dgetty.slice.
[[0;32m  OK  [0m] Stopped /etc/rc.local Compatibility.
[[0;32m  OK  [0m] Stopped Login Service.
[[0;32m  OK  [0m] Stopped Permit User Sessions.
[[0;32m  OK  [0m] Stopped target Remote File Systems.
[[0;32m  OK  [0m] Stopped target Remote File Systems (Pre).
         Stopping Login to default iSCSI targets...
[[0;32m  OK  [0m] Stopped target User and Group Name Lookups.
[[0;32m  OK  [0m] Stopped Login to default iSCSI targets.
         Stopping iSCSI initiator daemon (iscsid)...
[[0;32m  OK  [0m] Stopped iSCSI initiator daemon (iscsid).
[[0;32m  OK  [0m] Stopped Docker Application Container Engine.
[[0;32m  OK  [0m] Stopped target Network is Online.
[[0;32m  OK  [0m] Stopped target Network.
[[0;32m  OK  [0m] Stopped target Basic System.
[[0;32m  OK  [0m] Stopped target Slices.
[[0;32m  OK  [0m] Removed slice User and Session Slice.
[[0;32m  OK  [0m] Stopped target Paths.
[[0;32m  OK  [0m] Stopped Dispatch Password Requests to Console Directory Watch.
[[0;32m  OK  [0m] Stopped ACPI Events Check.
[[0;32m  OK  [0m] Stopped Forward Password Requests to Wall Directory Watch.
[[0;32m  OK  [0m] Stopped target Sockets.
[[0;32m  OK  [0m] Closed Socket activation for snappy daemon.
[[0;32m  OK  [0m] Closed UUID daemon activation socket.
[[0;32m  OK  [0m] Closed D-Bus System Message Bus Socket.
[[0;32m  OK  [0m] Closed LXD - unix socket.
[[0;32m  OK  [0m] Closed Syslog Socket.
[[0;32m  OK  [0m] Closed ACPID Listen Socket.
[[0;32m  OK  [0m] Closed Docker Socket for the API.
[[0;32m  OK  [0m] Stopped target System Initialization.
[[0;32m  OK  [0m] Stopped Initial cloud-init job (metadata service crawler).
         Stopping Raise network interfaces...
         Stopping Load/Save Random Seed...
[[0;32m  OK  [0m] Stopped Create Volatile Files and Directories.
[[0;32m  OK  [0m] Stopped target Swap.
[[0;32m  OK  [0m] Stopped target Encrypted Volumes.
[[0;32m  OK  [0m] Stopped Load/Save Random Seed.
[[0;32m  OK  [0m] Stopped Raise network interfaces.
[[0;32m  OK  [0m] Stopped target Network (Pre).
[[0;32m  OK  [0m] Stopped Initial cloud-init job (pre-networking).
[[0;32m  OK  [0m] Stopped Apply Kernel Variables.
[[0;32m  OK  [0m] Stopped Load Kernel Modules.
[[0;32m  OK  [0m] Stopped target Local File Systems.
         Unmounting /vagrant...
         Unmounting /run/user/1000...
[[0;32m  OK  [0m] Unmounted /vagrant.
[[0;32m  OK  [0m] Unmounted /run/user/1000.
[[0;32m  OK  [0m] Reached target Unmount All Filesystems.
[[0;32m  OK  [0m] Stopped target Local File Systems (Pre).
[[0;32m  OK  [0m] Stopped Remount Root and Kernel File Systems.
[[0;32m  OK  [0m] Stopped Create Static Device Nodes in /dev.
[[0;32m  OK  [0m] Reached target Shutdown.
[ 1228.256349] reboot: Power down
